<?xml version="1.0" encoding="UTF-8"?>
<robot generator="Robot 4.1.1 (Python 3.9.9 on win32)" generated="20211209 17:07:12.140" rpa="false" schemaversion="2">
<suite id="s1" name="Wishlist Add Test &amp; Wishlist Remove Test">
<suite id="s1-s1" name="Wishlist Add Test" source="C:\Users\hienht\Desktop\SuperSport_hienht\tests\wishlist_features\wishlist_add_test.robot">
<test id="s1-s1-t1" name="Verify user as guest can add item to Wishlist successfully then wishlist update correctly after login">
<kw name="Launch SuperSport application, select language" library="common_android_functions" type="SETUP">
<doc>Launch application,select english language</doc>
<kw name="Open SuperSport Application" library="common_android_keywords">
<arg>${device_info.hien_device}</arg>
<kw name="Create Dictionary" library="BuiltIn">
<var>${device_data_dict}</var>
<arg>deviceName</arg>
<arg>${device_data.deviceName}</arg>
<arg>platformName</arg>
<arg>${device_data.platformName}</arg>
<arg>platformVersion</arg>
<arg>${device_data.platformVersion}</arg>
<arg>app</arg>
<arg>${device_data.app}</arg>
<arg>newCommandTimeout</arg>
<arg>${device_data.newCommandTimeout}</arg>
<arg>autoGrantPermissions</arg>
<arg>${device_data.autoGrantPermissions}</arg>
<doc>Creates and returns a dictionary based on the given ``items``.</doc>
<msg timestamp="20211209 17:07:12.612" level="INFO">${device_data_dict} = {'deviceName': 'R58N33NW2EW', 'platformName': 'android', 'platformVersion': '11', 'app': 'C:\\Users\\hienht\\Desktop\\SuperSport\\AppFile\\Supersports.apk', 'newCommandTimeout': 300, 'autoGrantPermiss...</msg>
<status status="PASS" starttime="20211209 17:07:12.609" endtime="20211209 17:07:12.612"/>
</kw>
<kw name="Open Application" library="AppiumLibrary">
<arg>http://localhost:4723/wd/hub</arg>
<arg>&amp;{device_data_dict}</arg>
<doc>Opens a new application to given Appium server.
Capabilities of appium server, Android and iOS,
Please check https://github.com/appium/appium/blob/master/docs/en/writing-running-appium/server-args.md
| *Option*            | *Man.* | *Description*     |
| remote_url          | Yes    | Appium server url |
| alias               | no     | alias             |</doc>
<status status="PASS" starttime="20211209 17:07:12.612" endtime="20211209 17:07:25.437"/>
</kw>
<status status="PASS" starttime="20211209 17:07:12.608" endtime="20211209 17:07:25.437"/>
</kw>
<kw name="Select english language" library="common_android_keywords">
<doc>Select english language at welcome page</doc>
<kw name="Click Element" library="common_android_keywords">
<arg>${commonPageLocator}[btn_english_language]</arg>
<doc>Click to target element
${locator} - Locator of target element
${timeout} - Waiting time for target element visible</doc>
<kw name="Wait Until Element Is Visible" library="AppiumLibrary">
<arg>${locator}</arg>
<arg>timeout=${timeout}</arg>
<doc>Waits until element specified with `locator` is visible.</doc>
<status status="PASS" starttime="20211209 17:07:25.439" endtime="20211209 17:07:27.571"/>
</kw>
<kw name="Click Element" library="AppiumLibrary">
<arg>${locator}</arg>
<doc>Click element identified by `locator`.</doc>
<msg timestamp="20211209 17:07:27.573" level="INFO">Clicking element 'android=UiSelector().resourceIdMatches(".*id/splash_item_name$").text("ENGLISH")'.</msg>
<status status="PASS" starttime="20211209 17:07:27.571" endtime="20211209 17:07:28.461"/>
</kw>
<status status="PASS" starttime="20211209 17:07:25.438" endtime="20211209 17:07:28.461"/>
</kw>
<status status="PASS" starttime="20211209 17:07:25.437" endtime="20211209 17:07:28.461"/>
</kw>
<status status="PASS" starttime="20211209 17:07:12.608" endtime="20211209 17:07:28.461"/>
</kw>
<kw name="Click skip button" library="login_page_keyword">
<doc>Click skip button</doc>
<kw name="Click Element" library="common_android_keywords">
<arg>${loginPageLocator}[btn_skip]</arg>
<doc>Click to target element
${locator} - Locator of target element
${timeout} - Waiting time for target element visible</doc>
<kw name="Wait Until Element Is Visible" library="AppiumLibrary">
<arg>${locator}</arg>
<arg>timeout=${timeout}</arg>
<doc>Waits until element specified with `locator` is visible.</doc>
<status status="PASS" starttime="20211209 17:07:28.466" endtime="20211209 17:07:31.451"/>
</kw>
<kw name="Click Element" library="AppiumLibrary">
<arg>${locator}</arg>
<doc>Click element identified by `locator`.</doc>
<msg timestamp="20211209 17:07:31.452" level="INFO">Clicking element 'android=UiSelector().resourceIdMatches(".*id/skip_button$")'.</msg>
<status status="PASS" starttime="20211209 17:07:31.451" endtime="20211209 17:07:31.629"/>
</kw>
<status status="PASS" starttime="20211209 17:07:28.466" endtime="20211209 17:07:31.629"/>
</kw>
<status status="PASS" starttime="20211209 17:07:28.461" endtime="20211209 17:07:31.629"/>
</kw>
<kw name="Open product list" library="common_android_functions">
<doc>Open Sale item list by navigation bar</doc>
<kw name="Click Element" library="common_android_keywords">
<arg>${homePageLocator}[btn_catalog]</arg>
<doc>Click to target element
${locator} - Locator of target element
${timeout} - Waiting time for target element visible</doc>
<kw name="Wait Until Element Is Visible" library="AppiumLibrary">
<arg>${locator}</arg>
<arg>timeout=${timeout}</arg>
<doc>Waits until element specified with `locator` is visible.</doc>
<status status="PASS" starttime="20211209 17:07:31.632" endtime="20211209 17:07:34.077"/>
</kw>
<kw name="Click Element" library="AppiumLibrary">
<arg>${locator}</arg>
<doc>Click element identified by `locator`.</doc>
<msg timestamp="20211209 17:07:34.077" level="INFO">Clicking element 'android=UiSelector().resourceIdMatches(".*id/home_Screen_teasers_list$")'.</msg>
<status status="PASS" starttime="20211209 17:07:34.077" endtime="20211209 17:07:34.487"/>
</kw>
<status status="PASS" starttime="20211209 17:07:31.631" endtime="20211209 17:07:34.487"/>
</kw>
<status status="PASS" starttime="20211209 17:07:31.630" endtime="20211209 17:07:34.487"/>
</kw>
<kw name="Click the first product in product list" library="product_list_page_keyword">
<doc>Choose the first product</doc>
<kw name="Click Element" library="common_android_keywords">
<arg>${productListPageLocator}[firt_product_locator]</arg>
<doc>Click to target element
${locator} - Locator of target element
${timeout} - Waiting time for target element visible</doc>
<kw name="Wait Until Element Is Visible" library="AppiumLibrary">
<arg>${locator}</arg>
<arg>timeout=${timeout}</arg>
<doc>Waits until element specified with `locator` is visible.</doc>
<status status="PASS" starttime="20211209 17:07:34.490" endtime="20211209 17:07:36.312"/>
</kw>
<kw name="Click Element" library="AppiumLibrary">
<arg>${locator}</arg>
<doc>Click element identified by `locator`.</doc>
<msg timestamp="20211209 17:07:36.328" level="INFO">Clicking element 'xpath=//androidx.recyclerview.widget.RecyclerView/android.view.ViewGroup[1]'.</msg>
<status status="PASS" starttime="20211209 17:07:36.312" endtime="20211209 17:07:36.531"/>
</kw>
<status status="PASS" starttime="20211209 17:07:34.489" endtime="20211209 17:07:36.531"/>
</kw>
<status status="PASS" starttime="20211209 17:07:34.488" endtime="20211209 17:07:36.531"/>
</kw>
<kw name="Get product info" library="product_detail_page_keyword">
<var>${product_info}</var>
<doc>Get product name in product detail page</doc>
<kw name="Get Text" library="common_android_keywords">
<var>${product_info}</var>
<arg>${productDetailPageLocator}[lb_product_name]</arg>
<doc>Get text of target element
${locator} - Locator of target element</doc>
<kw name="Wait Element Is Visible" library="common_android_keywords">
<arg>${locator}</arg>
<doc>Wait element is visible
android=UiSelector().resourceIdMatches(".*id/product_name$") - Locator of target element
${timeout} - Waiting time for target element visible</doc>
<kw name="Wait Until Element Is Visible" library="AppiumLibrary">
<arg>${locator}</arg>
<arg>timeout=${timeout}</arg>
<doc>Waits until element specified with `locator` is visible.</doc>
<status status="PASS" starttime="20211209 17:07:36.541" endtime="20211209 17:07:38.583"/>
</kw>
<status status="PASS" starttime="20211209 17:07:36.541" endtime="20211209 17:07:38.583"/>
</kw>
<kw name="Get Text" library="AppiumLibrary">
<var>${text}</var>
<arg>${locator}</arg>
<doc>Get element text (for hybrid and mobile browser use `xpath` locator, others might cause problem)</doc>
<msg timestamp="20211209 17:07:38.801" level="INFO">Element 'android=UiSelector().resourceIdMatches(".*id/product_name$")' text is 'NIKE ZoomX Vaporfly Next% 2 Women's Running Shoes' </msg>
<msg timestamp="20211209 17:07:38.801" level="INFO">${text} = NIKE ZoomX Vaporfly Next% 2 Women's Running Shoes</msg>
<status status="PASS" starttime="20211209 17:07:38.598" endtime="20211209 17:07:38.801"/>
</kw>
<msg timestamp="20211209 17:07:38.801" level="INFO">${product_info} = NIKE ZoomX Vaporfly Next% 2 Women's Running Shoes</msg>
<status status="PASS" starttime="20211209 17:07:36.540" endtime="20211209 17:07:38.801"/>
</kw>
<msg timestamp="20211209 17:07:38.801" level="INFO">${product_info} = NIKE ZoomX Vaporfly Next% 2 Women's Running Shoes</msg>
<status status="PASS" starttime="20211209 17:07:36.531" endtime="20211209 17:07:38.801"/>
</kw>
<kw name="Add product to Wishlist" library="product_detail_page_keyword">
<kw name="Run Keyword And Return Status" library="BuiltIn">
<var>${present}</var>
<arg>Element Should Be Visible</arg>
<arg>${productDetailPageLocator}[btn_choose_size]</arg>
<doc>Runs the given keyword with given arguments and returns the status as a Boolean value.</doc>
<kw name="Element Should Be Visible" library="AppiumLibrary">
<arg>${productDetailPageLocator}[btn_choose_size]</arg>
<doc>Verifies that element identified with locator is visible.</doc>
<status status="PASS" starttime="20211209 17:07:38.814" endtime="20211209 17:07:39.056"/>
</kw>
<msg timestamp="20211209 17:07:39.056" level="INFO">${present} = True</msg>
<status status="PASS" starttime="20211209 17:07:38.801" endtime="20211209 17:07:39.056"/>
</kw>
<kw name="Click add to wish list button" library="product_detail_page_keyword">
<doc>Click add to wish list button</doc>
<kw name="Click Element" library="common_android_keywords">
<arg>${productDetailPageLocator}[btn_add_to_wishlist]</arg>
<doc>Click to target element
${locator} - Locator of target element
${timeout} - Waiting time for target element visible</doc>
<kw name="Wait Until Element Is Visible" library="AppiumLibrary">
<arg>${locator}</arg>
<arg>timeout=${timeout}</arg>
<doc>Waits until element specified with `locator` is visible.</doc>
<status status="PASS" starttime="20211209 17:07:39.058" endtime="20211209 17:07:39.283"/>
</kw>
<kw name="Click Element" library="AppiumLibrary">
<arg>${locator}</arg>
<doc>Click element identified by `locator`.</doc>
<msg timestamp="20211209 17:07:39.285" level="INFO">Clicking element 'android=UiSelector().resourceIdMatches(".*id/wish_list_button$")'.</msg>
<status status="PASS" starttime="20211209 17:07:39.284" endtime="20211209 17:07:39.514"/>
</kw>
<status status="PASS" starttime="20211209 17:07:39.058" endtime="20211209 17:07:39.514"/>
</kw>
<status status="PASS" starttime="20211209 17:07:39.056" endtime="20211209 17:07:39.514"/>
</kw>
<kw name="Run Keyword If" library="BuiltIn">
<arg>${present}</arg>
<arg>product_detail_page_keyword.Choose size for product</arg>
<doc>Runs the given keyword with the given arguments, if ``condition`` is true.</doc>
<kw name="Choose size for product" library="product_detail_page_keyword">
<kw name="Click first option in Choose Size screen" library="product_detail_page_keyword">
<doc>Get first option in current classification size option in Choose Size screen</doc>
<kw name="Get Elements" library="common_android_keywords">
<var>@{list_options}</var>
<arg>${productDetailPageLocator}[lbl_item_options]</arg>
<doc>This keyword for getting elements after verify these elements is visible
${elems} - Varargs of locators or elements</doc>
<kw name="Verify Elements Are Visible" library="common_android_keywords">
<arg>@{elems}</arg>
<doc>This keyword verify that page contains elements specified in arguments and verify each element is visible
['android=UiSelector().resourceIdMatches(".*id/item_text$")'] - Varargs of locators or elements</doc>
<for flavor="IN">
<var>${elem}</var>
<value>@{elems}</value>
<iter>
<var name="${elem}">android=UiSelector().resourceIdMatches(".*id/item_text$")</var>
<kw name="Wait Until Page Contains Element" library="AppiumLibrary">
<arg>${elem}</arg>
<arg>timeout=${GLOBALTIMEOUT}</arg>
<doc>Waits until element specified with `locator` appears on current page.</doc>
<status status="PASS" starttime="20211209 17:07:39.517" endtime="20211209 17:07:40.819"/>
</kw>
<status status="PASS" starttime="20211209 17:07:39.516" endtime="20211209 17:07:40.819"/>
</iter>
<status status="PASS" starttime="20211209 17:07:39.516" endtime="20211209 17:07:40.819"/>
</for>
<status status="PASS" starttime="20211209 17:07:39.516" endtime="20211209 17:07:40.819"/>
</kw>
<kw name="Get Webelements" library="AppiumLibrary">
<var>@{elements}</var>
<arg>@{elems}</arg>
<doc>Returns list of [http://selenium-python.readthedocs.io/api.html#module-selenium.webdriver.remote.webelement|WebElement] objects matching ``locator``.</doc>
<msg timestamp="20211209 17:07:41.288" level="INFO">@{elements} = [ &lt;appium.webdriver.webelement.WebElement (session="c7605743-7939-41e3-b6fd-4e81c4b32795", element="c90d44c4-2e6a-4055-b221-b92bf0a74de2")&gt; | &lt;appium.webdriver.webelement.WebElement (session="c7605743...</msg>
<status status="PASS" starttime="20211209 17:07:40.819" endtime="20211209 17:07:41.288"/>
</kw>
<msg timestamp="20211209 17:07:41.289" level="INFO">@{list_options} = [ &lt;appium.webdriver.webelement.WebElement (session="c7605743-7939-41e3-b6fd-4e81c4b32795", element="c90d44c4-2e6a-4055-b221-b92bf0a74de2")&gt; | &lt;appium.webdriver.webelement.WebElement (session="c7605743...</msg>
<status status="PASS" starttime="20211209 17:07:39.516" endtime="20211209 17:07:41.289"/>
</kw>
<kw name="Get Text" library="common_android_keywords">
<var>${first_option_size}</var>
<arg>${list_options}[0]</arg>
<doc>Get text of target element
${locator} - Locator of target element</doc>
<kw name="Wait Element Is Visible" library="common_android_keywords">
<arg>${locator}</arg>
<doc>Wait element is visible
&lt;appium.webdriver.webelement.WebElement (session="c7605743-7939-41e3-b6fd-4e81c4b32795", element="c90d44c4-2e6a-4055-b221-b92bf0a74de2")&gt; - Locator of target element
${timeout} - Waiting time for target element visible</doc>
<kw name="Wait Until Element Is Visible" library="AppiumLibrary">
<arg>${locator}</arg>
<arg>timeout=${timeout}</arg>
<doc>Waits until element specified with `locator` is visible.</doc>
<status status="PASS" starttime="20211209 17:07:41.291" endtime="20211209 17:07:41.375"/>
</kw>
<status status="PASS" starttime="20211209 17:07:41.290" endtime="20211209 17:07:41.375"/>
</kw>
<kw name="Get Text" library="AppiumLibrary">
<var>${text}</var>
<arg>${locator}</arg>
<doc>Get element text (for hybrid and mobile browser use `xpath` locator, others might cause problem)</doc>
<msg timestamp="20211209 17:07:41.437" level="INFO">Element '&lt;appium.webdriver.webelement.WebElement (session="c7605743-7939-41e3-b6fd-4e81c4b32795", element="c90d44c4-2e6a-4055-b221-b92bf0a74de2")&gt;' text is '37.5 - Out Of Stock' </msg>
<msg timestamp="20211209 17:07:41.437" level="INFO">${text} = 37.5 - Out Of Stock</msg>
<status status="PASS" starttime="20211209 17:07:41.375" endtime="20211209 17:07:41.437"/>
</kw>
<msg timestamp="20211209 17:07:41.437" level="INFO">${first_option_size} = 37.5 - Out Of Stock</msg>
<status status="PASS" starttime="20211209 17:07:41.289" endtime="20211209 17:07:41.437"/>
</kw>
<kw name="Click Element" library="common_android_keywords">
<arg>${list_options}[0]</arg>
<doc>Click to target element
${locator} - Locator of target element
${timeout} - Waiting time for target element visible</doc>
<kw name="Wait Until Element Is Visible" library="AppiumLibrary">
<arg>${locator}</arg>
<arg>timeout=${timeout}</arg>
<doc>Waits until element specified with `locator` is visible.</doc>
<status status="PASS" starttime="20211209 17:07:41.437" endtime="20211209 17:07:41.515"/>
</kw>
<kw name="Click Element" library="AppiumLibrary">
<arg>${locator}</arg>
<doc>Click element identified by `locator`.</doc>
<msg timestamp="20211209 17:07:41.531" level="INFO">Clicking element '&lt;appium.webdriver.webelement.WebElement (session="c7605743-7939-41e3-b6fd-4e81c4b32795", element="c90d44c4-2e6a-4055-b221-b92bf0a74de2")&gt;'.</msg>
<status status="PASS" starttime="20211209 17:07:41.515" endtime="20211209 17:07:42.340"/>
</kw>
<status status="PASS" starttime="20211209 17:07:41.437" endtime="20211209 17:07:42.340"/>
</kw>
<status status="PASS" starttime="20211209 17:07:39.515" endtime="20211209 17:07:42.340"/>
</kw>
<kw name="Click OK button in Choose Size screen" library="product_detail_page_keyword">
<doc>Click Ok button in Choose Size screen</doc>
<kw name="Click Element" library="common_android_keywords">
<arg>${productDetailPageLocator}[btn_ok_choose_size_pop_up]</arg>
<doc>Click to target element
${locator} - Locator of target element
${timeout} - Waiting time for target element visible</doc>
<kw name="Wait Until Element Is Visible" library="AppiumLibrary">
<arg>${locator}</arg>
<arg>timeout=${timeout}</arg>
<doc>Waits until element specified with `locator` is visible.</doc>
<status status="PASS" starttime="20211209 17:07:42.340" endtime="20211209 17:07:42.574"/>
</kw>
<kw name="Click Element" library="AppiumLibrary">
<arg>${locator}</arg>
<doc>Click element identified by `locator`.</doc>
<msg timestamp="20211209 17:07:42.574" level="INFO">Clicking element 'android=UiSelector().resourceIdMatches(".*id/dialog_ok_button$")'.</msg>
<status status="PASS" starttime="20211209 17:07:42.574" endtime="20211209 17:07:42.821"/>
</kw>
<status status="PASS" starttime="20211209 17:07:42.340" endtime="20211209 17:07:42.821"/>
</kw>
<status status="PASS" starttime="20211209 17:07:42.340" endtime="20211209 17:07:42.821"/>
</kw>
<status status="PASS" starttime="20211209 17:07:39.515" endtime="20211209 17:07:42.821"/>
</kw>
<status status="PASS" starttime="20211209 17:07:39.514" endtime="20211209 17:07:42.821"/>
</kw>
<status status="PASS" starttime="20211209 17:07:38.801" endtime="20211209 17:07:42.822"/>
</kw>
<kw name="Goto Wishlist page" library="common_android_functions">
<doc>Open Sale item list by navigation bar</doc>
<kw name="Click Element" library="common_android_keywords">
<arg>${homePageLocator}[btn_wishlist]</arg>
<doc>Click to target element
${locator} - Locator of target element
${timeout} - Waiting time for target element visible</doc>
<kw name="Wait Until Element Is Visible" library="AppiumLibrary">
<arg>${locator}</arg>
<arg>timeout=${timeout}</arg>
<doc>Waits until element specified with `locator` is visible.</doc>
<status status="PASS" starttime="20211209 17:07:42.824" endtime="20211209 17:07:44.463"/>
</kw>
<kw name="Click Element" library="AppiumLibrary">
<arg>${locator}</arg>
<doc>Click element identified by `locator`.</doc>
<msg timestamp="20211209 17:07:44.478" level="INFO">Clicking element 'android=UiSelector().resourceIdMatches(".*id/wishlist_button$")'.</msg>
<status status="PASS" starttime="20211209 17:07:44.463" endtime="20211209 17:07:44.746"/>
</kw>
<status status="PASS" starttime="20211209 17:07:42.824" endtime="20211209 17:07:44.747"/>
</kw>
<status status="PASS" starttime="20211209 17:07:42.822" endtime="20211209 17:07:44.747"/>
</kw>
<kw name="Verify product info" library="wishlist_page_keyword">
<arg>${product_info}</arg>
<doc>Get product price in product detail page</doc>
<kw name="Element Text Should Be" library="AppiumLibrary">
<arg>${wishlistPageLocator}[lb_product_name]</arg>
<arg>${item_info}</arg>
<doc>Verifies element identified by ``locator`` exactly contains text ``expected``.</doc>
<msg timestamp="20211209 17:07:44.749" level="INFO">Verifying element 'android=UiSelector().resourceIdMatches(".*id/item_name$")' contains exactly text 'NIKE ZoomX Vaporfly Next% 2 Women's Running Shoes'.</msg>
<status status="PASS" starttime="20211209 17:07:44.748" endtime="20211209 17:07:46.047"/>
</kw>
<status status="PASS" starttime="20211209 17:07:44.747" endtime="20211209 17:07:46.047"/>
</kw>
<kw name="Login with email successfully" library="login_page_keyword">
<doc>Input all valid data when log in with email</doc>
<kw name="Go to Login page" library="login_page_keyword">
<doc>Go to Login page from any page</doc>
<kw name="Click Navigation bar" library="common_android_keywords">
<doc>Open Sale item list by navigation bar</doc>
<for flavor="IN RANGE">
<var>${index}</var>
<value>5</value>
<iter>
<var name="${index}">0</var>
<kw name="Run Keyword And Return Status" library="BuiltIn">
<var>${present}</var>
<arg>Element Should Be Visible</arg>
<arg>${homePageLocator}[btn_navigate]</arg>
<doc>Runs the given keyword with given arguments and returns the status as a Boolean value.</doc>
<kw name="Element Should Be Visible" library="AppiumLibrary">
<arg>${homePageLocator}[btn_navigate]</arg>
<doc>Verifies that element identified with locator is visible.</doc>
<status status="PASS" starttime="20211209 17:07:46.055" endtime="20211209 17:07:46.239"/>
</kw>
<msg timestamp="20211209 17:07:46.239" level="INFO">${present} = True</msg>
<status status="PASS" starttime="20211209 17:07:46.054" endtime="20211209 17:07:46.239"/>
</kw>
<kw name="Run Keyword If" library="BuiltIn">
<arg>'${present}'=='FALSE'</arg>
<arg>Exit For Loop</arg>
<doc>Runs the given keyword with the given arguments, if ``condition`` is true.</doc>
<status status="PASS" starttime="20211209 17:07:46.239" endtime="20211209 17:07:46.239"/>
</kw>
<kw name="Click Element" library="common_android_keywords">
<arg>${homePageLocator}[btn_navigate]</arg>
<doc>Click to target element
${locator} - Locator of target element
${timeout} - Waiting time for target element visible</doc>
<kw name="Wait Until Element Is Visible" library="AppiumLibrary">
<arg>${locator}</arg>
<arg>timeout=${timeout}</arg>
<doc>Waits until element specified with `locator` is visible.</doc>
<status status="PASS" starttime="20211209 17:07:46.241" endtime="20211209 17:07:46.409"/>
</kw>
<kw name="Click Element" library="AppiumLibrary">
<arg>${locator}</arg>
<doc>Click element identified by `locator`.</doc>
<msg timestamp="20211209 17:07:46.409" level="INFO">Clicking element 'xpath=//android.widget.ImageButton[@content-desc="Navigate up"]'.</msg>
<status status="PASS" starttime="20211209 17:07:46.409" endtime="20211209 17:07:46.659"/>
</kw>
<status status="PASS" starttime="20211209 17:07:46.240" endtime="20211209 17:07:46.659"/>
</kw>
<status status="PASS" starttime="20211209 17:07:46.054" endtime="20211209 17:07:46.659"/>
</iter>
<iter>
<var name="${index}">1</var>
<kw name="Run Keyword And Return Status" library="BuiltIn">
<var>${present}</var>
<arg>Element Should Be Visible</arg>
<arg>${homePageLocator}[btn_navigate]</arg>
<doc>Runs the given keyword with given arguments and returns the status as a Boolean value.</doc>
<kw name="Element Should Be Visible" library="AppiumLibrary">
<arg>${homePageLocator}[btn_navigate]</arg>
<doc>Verifies that element identified with locator is visible.</doc>
<status status="PASS" starttime="20211209 17:07:46.659" endtime="20211209 17:07:47.554"/>
</kw>
<msg timestamp="20211209 17:07:47.554" level="INFO">${present} = True</msg>
<status status="PASS" starttime="20211209 17:07:46.659" endtime="20211209 17:07:47.554"/>
</kw>
<kw name="Run Keyword If" library="BuiltIn">
<arg>'${present}'=='FALSE'</arg>
<arg>Exit For Loop</arg>
<doc>Runs the given keyword with the given arguments, if ``condition`` is true.</doc>
<status status="PASS" starttime="20211209 17:07:47.554" endtime="20211209 17:07:47.554"/>
</kw>
<kw name="Click Element" library="common_android_keywords">
<arg>${homePageLocator}[btn_navigate]</arg>
<doc>Click to target element
${locator} - Locator of target element
${timeout} - Waiting time for target element visible</doc>
<kw name="Wait Until Element Is Visible" library="AppiumLibrary">
<arg>${locator}</arg>
<arg>timeout=${timeout}</arg>
<doc>Waits until element specified with `locator` is visible.</doc>
<status status="PASS" starttime="20211209 17:07:47.554" endtime="20211209 17:07:48.339"/>
</kw>
<kw name="Click Element" library="AppiumLibrary">
<arg>${locator}</arg>
<doc>Click element identified by `locator`.</doc>
<msg timestamp="20211209 17:07:48.355" level="INFO">Clicking element 'xpath=//android.widget.ImageButton[@content-desc="Navigate up"]'.</msg>
<status status="PASS" starttime="20211209 17:07:48.339" endtime="20211209 17:07:48.614"/>
</kw>
<status status="PASS" starttime="20211209 17:07:47.554" endtime="20211209 17:07:48.614"/>
</kw>
<status status="PASS" starttime="20211209 17:07:46.659" endtime="20211209 17:07:48.614"/>
</iter>
<iter>
<var name="${index}">2</var>
<kw name="Run Keyword And Return Status" library="BuiltIn">
<var>${present}</var>
<arg>Element Should Be Visible</arg>
<arg>${homePageLocator}[btn_navigate]</arg>
<doc>Runs the given keyword with given arguments and returns the status as a Boolean value.</doc>
<kw name="Element Should Be Visible" library="AppiumLibrary">
<arg>${homePageLocator}[btn_navigate]</arg>
<doc>Verifies that element identified with locator is visible.</doc>
<status status="PASS" starttime="20211209 17:07:48.615" endtime="20211209 17:07:49.617"/>
</kw>
<msg timestamp="20211209 17:07:49.617" level="INFO">${present} = True</msg>
<status status="PASS" starttime="20211209 17:07:48.614" endtime="20211209 17:07:49.617"/>
</kw>
<kw name="Run Keyword If" library="BuiltIn">
<arg>'${present}'=='FALSE'</arg>
<arg>Exit For Loop</arg>
<doc>Runs the given keyword with the given arguments, if ``condition`` is true.</doc>
<status status="PASS" starttime="20211209 17:07:49.617" endtime="20211209 17:07:49.617"/>
</kw>
<kw name="Click Element" library="common_android_keywords">
<arg>${homePageLocator}[btn_navigate]</arg>
<doc>Click to target element
${locator} - Locator of target element
${timeout} - Waiting time for target element visible</doc>
<kw name="Wait Until Element Is Visible" library="AppiumLibrary">
<arg>${locator}</arg>
<arg>timeout=${timeout}</arg>
<doc>Waits until element specified with `locator` is visible.</doc>
<status status="PASS" starttime="20211209 17:07:49.617" endtime="20211209 17:07:49.848"/>
</kw>
<kw name="Click Element" library="AppiumLibrary">
<arg>${locator}</arg>
<doc>Click element identified by `locator`.</doc>
<msg timestamp="20211209 17:07:49.850" level="INFO">Clicking element 'xpath=//android.widget.ImageButton[@content-desc="Navigate up"]'.</msg>
<status status="PASS" starttime="20211209 17:07:49.848" endtime="20211209 17:07:50.168"/>
</kw>
<status status="PASS" starttime="20211209 17:07:49.617" endtime="20211209 17:07:50.168"/>
</kw>
<status status="PASS" starttime="20211209 17:07:48.614" endtime="20211209 17:07:50.168"/>
</iter>
<iter>
<var name="${index}">3</var>
<kw name="Run Keyword And Return Status" library="BuiltIn">
<var>${present}</var>
<arg>Element Should Be Visible</arg>
<arg>${homePageLocator}[btn_navigate]</arg>
<doc>Runs the given keyword with given arguments and returns the status as a Boolean value.</doc>
<kw name="Element Should Be Visible" library="AppiumLibrary">
<arg>${homePageLocator}[btn_navigate]</arg>
<doc>Verifies that element identified with locator is visible.</doc>
<status status="PASS" starttime="20211209 17:07:50.169" endtime="20211209 17:07:51.082"/>
</kw>
<msg timestamp="20211209 17:07:51.082" level="INFO">${present} = True</msg>
<status status="PASS" starttime="20211209 17:07:50.169" endtime="20211209 17:07:51.082"/>
</kw>
<kw name="Run Keyword If" library="BuiltIn">
<arg>'${present}'=='FALSE'</arg>
<arg>Exit For Loop</arg>
<doc>Runs the given keyword with the given arguments, if ``condition`` is true.</doc>
<status status="PASS" starttime="20211209 17:07:51.082" endtime="20211209 17:07:51.082"/>
</kw>
<kw name="Click Element" library="common_android_keywords">
<arg>${homePageLocator}[btn_navigate]</arg>
<doc>Click to target element
${locator} - Locator of target element
${timeout} - Waiting time for target element visible</doc>
<kw name="Wait Until Element Is Visible" library="AppiumLibrary">
<arg>${locator}</arg>
<arg>timeout=${timeout}</arg>
<doc>Waits until element specified with `locator` is visible.</doc>
<status status="PASS" starttime="20211209 17:07:51.082" endtime="20211209 17:07:51.305"/>
</kw>
<kw name="Click Element" library="AppiumLibrary">
<arg>${locator}</arg>
<doc>Click element identified by `locator`.</doc>
<msg timestamp="20211209 17:07:51.305" level="INFO">Clicking element 'xpath=//android.widget.ImageButton[@content-desc="Navigate up"]'.</msg>
<status status="PASS" starttime="20211209 17:07:51.305" endtime="20211209 17:07:51.554"/>
</kw>
<status status="PASS" starttime="20211209 17:07:51.082" endtime="20211209 17:07:51.554"/>
</kw>
<status status="PASS" starttime="20211209 17:07:50.168" endtime="20211209 17:07:51.554"/>
</iter>
<iter>
<var name="${index}">4</var>
<kw name="Run Keyword And Return Status" library="BuiltIn">
<var>${present}</var>
<arg>Element Should Be Visible</arg>
<arg>${homePageLocator}[btn_navigate]</arg>
<doc>Runs the given keyword with given arguments and returns the status as a Boolean value.</doc>
<kw name="Element Should Be Visible" library="AppiumLibrary">
<arg>${homePageLocator}[btn_navigate]</arg>
<doc>Verifies that element identified with locator is visible.</doc>
<status status="PASS" starttime="20211209 17:07:51.554" endtime="20211209 17:07:52.894"/>
</kw>
<msg timestamp="20211209 17:07:52.894" level="INFO">${present} = True</msg>
<status status="PASS" starttime="20211209 17:07:51.554" endtime="20211209 17:07:52.894"/>
</kw>
<kw name="Run Keyword If" library="BuiltIn">
<arg>'${present}'=='FALSE'</arg>
<arg>Exit For Loop</arg>
<doc>Runs the given keyword with the given arguments, if ``condition`` is true.</doc>
<status status="PASS" starttime="20211209 17:07:52.894" endtime="20211209 17:07:52.894"/>
</kw>
<kw name="Click Element" library="common_android_keywords">
<arg>${homePageLocator}[btn_navigate]</arg>
<doc>Click to target element
${locator} - Locator of target element
${timeout} - Waiting time for target element visible</doc>
<kw name="Wait Until Element Is Visible" library="AppiumLibrary">
<arg>${locator}</arg>
<arg>timeout=${timeout}</arg>
<doc>Waits until element specified with `locator` is visible.</doc>
<status status="PASS" starttime="20211209 17:07:52.894" endtime="20211209 17:07:53.543"/>
</kw>
<kw name="Click Element" library="AppiumLibrary">
<arg>${locator}</arg>
<doc>Click element identified by `locator`.</doc>
<msg timestamp="20211209 17:07:53.543" level="INFO">Clicking element 'xpath=//android.widget.ImageButton[@content-desc="Navigate up"]'.</msg>
<status status="PASS" starttime="20211209 17:07:53.543" endtime="20211209 17:07:54.436"/>
</kw>
<status status="PASS" starttime="20211209 17:07:52.894" endtime="20211209 17:07:54.436"/>
</kw>
<status status="PASS" starttime="20211209 17:07:51.554" endtime="20211209 17:07:54.436"/>
</iter>
<status status="PASS" starttime="20211209 17:07:46.054" endtime="20211209 17:07:54.436"/>
</for>
<status status="PASS" starttime="20211209 17:07:46.052" endtime="20211209 17:07:54.436"/>
</kw>
<kw name="Click Element" library="common_android_keywords">
<arg>${homePageLocator}[btn_login]</arg>
<doc>Click to target element
${locator} - Locator of target element
${timeout} - Waiting time for target element visible</doc>
<kw name="Wait Until Element Is Visible" library="AppiumLibrary">
<arg>${locator}</arg>
<arg>timeout=${timeout}</arg>
<doc>Waits until element specified with `locator` is visible.</doc>
<status status="PASS" starttime="20211209 17:07:54.436" endtime="20211209 17:07:54.795"/>
</kw>
<kw name="Click Element" library="AppiumLibrary">
<arg>${locator}</arg>
<doc>Click element identified by `locator`.</doc>
<msg timestamp="20211209 17:07:54.796" level="INFO">Clicking element 'android=UiSelector().resourceIdMatches(".*id/login_text_view$")'.</msg>
<status status="PASS" starttime="20211209 17:07:54.795" endtime="20211209 17:07:55.232"/>
</kw>
<status status="PASS" starttime="20211209 17:07:54.436" endtime="20211209 17:07:55.233"/>
</kw>
<status status="PASS" starttime="20211209 17:07:46.051" endtime="20211209 17:07:55.233"/>
</kw>
<kw name="Input customer email" library="login_page_keyword">
<arg>${login_data}[email]</arg>
<doc>Input email to customer email input
*Arguments:*
- _*email*_ : Email of SuperSport user</doc>
<kw name="Input Text" library="common_android_keywords">
<arg>${loginPageLocator}[txt_email]</arg>
<arg>${email}</arg>
<doc>Input text into target element
${locator} - Locator of target element</doc>
<kw name="Wait Element Is Visible" library="common_android_keywords">
<arg>${locator}</arg>
<arg>${timeout}</arg>
<doc>Wait element is visible
xpath=//android.widget.LinearLayout[@resource-id="th.co.supersports:id/textInputLayoutTextForm"]/android.widget.FrameLayout/android.widget.EditText - Locator of target element
30 - Waiting time for target element visible</doc>
<kw name="Wait Until Element Is Visible" library="AppiumLibrary">
<arg>${locator}</arg>
<arg>timeout=${timeout}</arg>
<doc>Waits until element specified with `locator` is visible.</doc>
<status status="PASS" starttime="20211209 17:07:55.235" endtime="20211209 17:07:57.940"/>
</kw>
<status status="PASS" starttime="20211209 17:07:55.234" endtime="20211209 17:07:57.940"/>
</kw>
<kw name="Input Text" library="AppiumLibrary">
<arg>${locator}</arg>
<arg>${text}</arg>
<doc>Types the given `text` into text field identified by `locator`.</doc>
<msg timestamp="20211209 17:07:57.940" level="INFO">Typing text 'hienht@smartosc.com' into text field 'xpath=//android.widget.LinearLayout[@resource-id="th.co.supersports:id/textInputLayoutTextForm"]/android.widget.FrameLayout/android.widget.EditText'</msg>
<status status="PASS" starttime="20211209 17:07:57.940" endtime="20211209 17:07:58.706"/>
</kw>
<status status="PASS" starttime="20211209 17:07:55.234" endtime="20211209 17:07:58.706"/>
</kw>
<status status="PASS" starttime="20211209 17:07:55.233" endtime="20211209 17:07:58.706"/>
</kw>
<kw name="Input customer password" library="login_page_keyword">
<arg>${login_data}[password]</arg>
<doc>Input password to customer password input
*Arguments:*
- _*password*_ : Password of SuperSport user</doc>
<kw name="Input Text" library="common_android_keywords">
<arg>${loginPageLocator}[txt_password]</arg>
<arg>${password}</arg>
<doc>Input text into target element
${locator} - Locator of target element</doc>
<kw name="Wait Element Is Visible" library="common_android_keywords">
<arg>${locator}</arg>
<arg>${timeout}</arg>
<doc>Wait element is visible
xpath=//android.widget.LinearLayout[@resource-id="th.co.supersports:id/textInputLayoutPasswordForm"]/android.widget.FrameLayout/android.widget.EditText - Locator of target element
30 - Waiting time for target element visible</doc>
<kw name="Wait Until Element Is Visible" library="AppiumLibrary">
<arg>${locator}</arg>
<arg>timeout=${timeout}</arg>
<doc>Waits until element specified with `locator` is visible.</doc>
<status status="PASS" starttime="20211209 17:07:58.722" endtime="20211209 17:07:59.376"/>
</kw>
<status status="PASS" starttime="20211209 17:07:58.706" endtime="20211209 17:07:59.376"/>
</kw>
<kw name="Input Text" library="AppiumLibrary">
<arg>${locator}</arg>
<arg>${text}</arg>
<doc>Types the given `text` into text field identified by `locator`.</doc>
<msg timestamp="20211209 17:07:59.376" level="INFO">Typing text 'HienHa' into text field 'xpath=//android.widget.LinearLayout[@resource-id="th.co.supersports:id/textInputLayoutPasswordForm"]/android.widget.FrameLayout/android.widget.EditText'</msg>
<status status="PASS" starttime="20211209 17:07:59.376" endtime="20211209 17:07:59.577"/>
</kw>
<status status="PASS" starttime="20211209 17:07:58.706" endtime="20211209 17:07:59.578"/>
</kw>
<status status="PASS" starttime="20211209 17:07:58.706" endtime="20211209 17:07:59.578"/>
</kw>
<kw name="Click login button" library="login_page_keyword">
<doc>Click log in button</doc>
<kw name="Click Element" library="common_android_keywords">
<arg>${loginPageLocator}[btn_login]</arg>
<doc>Click to target element
${locator} - Locator of target element
${timeout} - Waiting time for target element visible</doc>
<kw name="Wait Until Element Is Visible" library="AppiumLibrary">
<arg>${locator}</arg>
<arg>timeout=${timeout}</arg>
<doc>Waits until element specified with `locator` is visible.</doc>
<status status="PASS" starttime="20211209 17:07:59.580" endtime="20211209 17:08:00.626"/>
</kw>
<kw name="Click Element" library="AppiumLibrary">
<arg>${locator}</arg>
<doc>Click element identified by `locator`.</doc>
<msg timestamp="20211209 17:08:00.642" level="INFO">Clicking element 'android=UiSelector().resourceIdMatches(".*id/buttonLogin$")'.</msg>
<status status="PASS" starttime="20211209 17:08:00.642" endtime="20211209 17:08:02.023"/>
</kw>
<status status="PASS" starttime="20211209 17:07:59.579" endtime="20211209 17:08:02.024"/>
</kw>
<status status="PASS" starttime="20211209 17:07:59.578" endtime="20211209 17:08:02.024"/>
</kw>
<status status="PASS" starttime="20211209 17:07:46.047" endtime="20211209 17:08:02.025"/>
</kw>
<kw name="Goto Wishlist page" library="common_android_functions">
<doc>Open Sale item list by navigation bar</doc>
<kw name="Click Element" library="common_android_keywords">
<arg>${homePageLocator}[btn_wishlist]</arg>
<doc>Click to target element
${locator} - Locator of target element
${timeout} - Waiting time for target element visible</doc>
<kw name="Wait Until Element Is Visible" library="AppiumLibrary">
<arg>${locator}</arg>
<arg>timeout=${timeout}</arg>
<doc>Waits until element specified with `locator` is visible.</doc>
<status status="PASS" starttime="20211209 17:08:02.035" endtime="20211209 17:08:07.536"/>
</kw>
<kw name="Click Element" library="AppiumLibrary">
<arg>${locator}</arg>
<doc>Click element identified by `locator`.</doc>
<msg timestamp="20211209 17:08:07.536" level="INFO">Clicking element 'android=UiSelector().resourceIdMatches(".*id/wishlist_button$")'.</msg>
<status status="PASS" starttime="20211209 17:08:07.536" endtime="20211209 17:08:07.771"/>
</kw>
<status status="PASS" starttime="20211209 17:08:02.033" endtime="20211209 17:08:07.771"/>
</kw>
<status status="PASS" starttime="20211209 17:08:02.027" endtime="20211209 17:08:07.771"/>
</kw>
<kw name="Verify product info" library="wishlist_page_keyword">
<arg>${product_info}</arg>
<doc>Get product price in product detail page</doc>
<kw name="Element Text Should Be" library="AppiumLibrary">
<arg>${wishlistPageLocator}[lb_product_name]</arg>
<arg>${item_info}</arg>
<doc>Verifies element identified by ``locator`` exactly contains text ``expected``.</doc>
<msg timestamp="20211209 17:08:07.774" level="INFO">Verifying element 'android=UiSelector().resourceIdMatches(".*id/item_name$")' contains exactly text 'NIKE ZoomX Vaporfly Next% 2 Women's Running Shoes'.</msg>
<status status="PASS" starttime="20211209 17:08:07.772" endtime="20211209 17:08:08.629"/>
</kw>
<status status="PASS" starttime="20211209 17:08:07.772" endtime="20211209 17:08:08.629"/>
</kw>
<kw name="Run Keywords" library="BuiltIn" type="TEARDOWN">
<arg>common_android_functions.Clear wishlist then Logout and Close SuperSport Application</arg>
<doc>Executes all the given keywords in a sequence.</doc>
<kw name="Clear wishlist then Logout and Close SuperSport Application" library="common_android_functions">
<doc>Close current application while Appium session running</doc>
<kw name="Clear all items from wishlist" library="wishlist_page_keyword">
<kw name="Get Elements" library="common_android_keywords">
<var>@{elements}</var>
<arg>${wishlistPageLocator}[btn_remove]</arg>
<doc>This keyword for getting elements after verify these elements is visible
${elems} - Varargs of locators or elements</doc>
<kw name="Verify Elements Are Visible" library="common_android_keywords">
<arg>@{elems}</arg>
<doc>This keyword verify that page contains elements specified in arguments and verify each element is visible
['android=UiSelector().resourceIdMatches(".*id/delete_button$")'] - Varargs of locators or elements</doc>
<for flavor="IN">
<var>${elem}</var>
<value>@{elems}</value>
<iter>
<var name="${elem}">android=UiSelector().resourceIdMatches(".*id/delete_button$")</var>
<kw name="Wait Until Page Contains Element" library="AppiumLibrary">
<arg>${elem}</arg>
<arg>timeout=${GLOBALTIMEOUT}</arg>
<doc>Waits until element specified with `locator` appears on current page.</doc>
<status status="PASS" starttime="20211209 17:08:08.637" endtime="20211209 17:08:08.753"/>
</kw>
<status status="PASS" starttime="20211209 17:08:08.637" endtime="20211209 17:08:08.753"/>
</iter>
<status status="PASS" starttime="20211209 17:08:08.637" endtime="20211209 17:08:08.753"/>
</for>
<status status="PASS" starttime="20211209 17:08:08.637" endtime="20211209 17:08:08.753"/>
</kw>
<kw name="Get Webelements" library="AppiumLibrary">
<var>@{elements}</var>
<arg>@{elems}</arg>
<doc>Returns list of [http://selenium-python.readthedocs.io/api.html#module-selenium.webdriver.remote.webelement|WebElement] objects matching ``locator``.</doc>
<msg timestamp="20211209 17:08:08.848" level="INFO">@{elements} = [ &lt;appium.webdriver.webelement.WebElement (session="c7605743-7939-41e3-b6fd-4e81c4b32795", element="a4f27501-a35c-4420-91a8-e21ec29c3c6d")&gt; ]</msg>
<status status="PASS" starttime="20211209 17:08:08.753" endtime="20211209 17:08:08.848"/>
</kw>
<msg timestamp="20211209 17:08:08.848" level="INFO">@{elements} = [ &lt;appium.webdriver.webelement.WebElement (session="c7605743-7939-41e3-b6fd-4e81c4b32795", element="a4f27501-a35c-4420-91a8-e21ec29c3c6d")&gt; ]</msg>
<status status="PASS" starttime="20211209 17:08:08.636" endtime="20211209 17:08:08.848"/>
</kw>
<for flavor="IN">
<var>${i}</var>
<value>${elements}</value>
<iter>
<var name="${i}">[&lt;appium.webdriver.webelement.WebElement (session="c7605743-7939-41e3-b6fd-4e81c4b32795", element="a4f27501-a35c-4420-91a8-e21ec29c3c6d")&gt;]</var>
<kw name="Click remove button" library="wishlist_page_keyword">
<doc>Click the first remove btn</doc>
<kw name="Click Element" library="common_android_keywords">
<arg>${wishlistPageLocator}[btn_remove]</arg>
<doc>Click to target element
${locator} - Locator of target element
${timeout} - Waiting time for target element visible</doc>
<kw name="Wait Until Element Is Visible" library="AppiumLibrary">
<arg>${locator}</arg>
<arg>timeout=${timeout}</arg>
<doc>Waits until element specified with `locator` is visible.</doc>
<status status="PASS" starttime="20211209 17:08:08.848" endtime="20211209 17:08:09.141"/>
</kw>
<kw name="Click Element" library="AppiumLibrary">
<arg>${locator}</arg>
<doc>Click element identified by `locator`.</doc>
<msg timestamp="20211209 17:08:09.141" level="INFO">Clicking element 'android=UiSelector().resourceIdMatches(".*id/delete_button$")'.</msg>
<status status="PASS" starttime="20211209 17:08:09.141" endtime="20211209 17:08:09.360"/>
</kw>
<status status="PASS" starttime="20211209 17:08:08.848" endtime="20211209 17:08:09.360"/>
</kw>
<status status="PASS" starttime="20211209 17:08:08.848" endtime="20211209 17:08:09.360"/>
</kw>
<status status="PASS" starttime="20211209 17:08:08.848" endtime="20211209 17:08:09.360"/>
</iter>
<status status="PASS" starttime="20211209 17:08:08.848" endtime="20211209 17:08:09.360"/>
</for>
<status status="PASS" starttime="20211209 17:08:08.636" endtime="20211209 17:08:09.360"/>
</kw>
<kw name="Logout" library="login_page_keyword">
<doc>Log out</doc>
<kw name="Click Navigation bar" library="common_android_keywords">
<doc>Open Sale item list by navigation bar</doc>
<for flavor="IN RANGE">
<var>${index}</var>
<value>5</value>
<iter>
<var name="${index}">0</var>
<kw name="Run Keyword And Return Status" library="BuiltIn">
<var>${present}</var>
<arg>Element Should Be Visible</arg>
<arg>${homePageLocator}[btn_navigate]</arg>
<doc>Runs the given keyword with given arguments and returns the status as a Boolean value.</doc>
<kw name="Element Should Be Visible" library="AppiumLibrary">
<arg>${homePageLocator}[btn_navigate]</arg>
<doc>Verifies that element identified with locator is visible.</doc>
<status status="PASS" starttime="20211209 17:08:09.360" endtime="20211209 17:08:10.017"/>
</kw>
<msg timestamp="20211209 17:08:10.017" level="INFO">${present} = True</msg>
<status status="PASS" starttime="20211209 17:08:09.360" endtime="20211209 17:08:10.017"/>
</kw>
<kw name="Run Keyword If" library="BuiltIn">
<arg>'${present}'=='FALSE'</arg>
<arg>Exit For Loop</arg>
<doc>Runs the given keyword with the given arguments, if ``condition`` is true.</doc>
<status status="PASS" starttime="20211209 17:08:10.017" endtime="20211209 17:08:10.017"/>
</kw>
<kw name="Click Element" library="common_android_keywords">
<arg>${homePageLocator}[btn_navigate]</arg>
<doc>Click to target element
${locator} - Locator of target element
${timeout} - Waiting time for target element visible</doc>
<kw name="Wait Until Element Is Visible" library="AppiumLibrary">
<arg>${locator}</arg>
<arg>timeout=${timeout}</arg>
<doc>Waits until element specified with `locator` is visible.</doc>
<status status="PASS" starttime="20211209 17:08:10.017" endtime="20211209 17:08:10.165"/>
</kw>
<kw name="Click Element" library="AppiumLibrary">
<arg>${locator}</arg>
<doc>Click element identified by `locator`.</doc>
<msg timestamp="20211209 17:08:10.166" level="INFO">Clicking element 'xpath=//android.widget.ImageButton[@content-desc="Navigate up"]'.</msg>
<status status="PASS" starttime="20211209 17:08:10.165" endtime="20211209 17:08:10.985"/>
</kw>
<status status="PASS" starttime="20211209 17:08:10.017" endtime="20211209 17:08:10.985"/>
</kw>
<status status="PASS" starttime="20211209 17:08:09.360" endtime="20211209 17:08:10.985"/>
</iter>
<iter>
<var name="${index}">1</var>
<kw name="Run Keyword And Return Status" library="BuiltIn">
<var>${present}</var>
<arg>Element Should Be Visible</arg>
<arg>${homePageLocator}[btn_navigate]</arg>
<doc>Runs the given keyword with given arguments and returns the status as a Boolean value.</doc>
<kw name="Element Should Be Visible" library="AppiumLibrary">
<arg>${homePageLocator}[btn_navigate]</arg>
<doc>Verifies that element identified with locator is visible.</doc>
<status status="PASS" starttime="20211209 17:08:11.001" endtime="20211209 17:08:11.146"/>
</kw>
<msg timestamp="20211209 17:08:11.146" level="INFO">${present} = True</msg>
<status status="PASS" starttime="20211209 17:08:10.985" endtime="20211209 17:08:11.146"/>
</kw>
<kw name="Run Keyword If" library="BuiltIn">
<arg>'${present}'=='FALSE'</arg>
<arg>Exit For Loop</arg>
<doc>Runs the given keyword with the given arguments, if ``condition`` is true.</doc>
<status status="PASS" starttime="20211209 17:08:11.162" endtime="20211209 17:08:11.162"/>
</kw>
<kw name="Click Element" library="common_android_keywords">
<arg>${homePageLocator}[btn_navigate]</arg>
<doc>Click to target element
${locator} - Locator of target element
${timeout} - Waiting time for target element visible</doc>
<kw name="Wait Until Element Is Visible" library="AppiumLibrary">
<arg>${locator}</arg>
<arg>timeout=${timeout}</arg>
<doc>Waits until element specified with `locator` is visible.</doc>
<status status="PASS" starttime="20211209 17:08:11.162" endtime="20211209 17:08:11.274"/>
</kw>
<kw name="Click Element" library="AppiumLibrary">
<arg>${locator}</arg>
<doc>Click element identified by `locator`.</doc>
<msg timestamp="20211209 17:08:11.276" level="INFO">Clicking element 'xpath=//android.widget.ImageButton[@content-desc="Navigate up"]'.</msg>
<status status="PASS" starttime="20211209 17:08:11.274" endtime="20211209 17:08:11.443"/>
</kw>
<status status="PASS" starttime="20211209 17:08:11.162" endtime="20211209 17:08:11.443"/>
</kw>
<status status="PASS" starttime="20211209 17:08:10.985" endtime="20211209 17:08:11.443"/>
</iter>
<iter>
<var name="${index}">2</var>
<kw name="Run Keyword And Return Status" library="BuiltIn">
<var>${present}</var>
<arg>Element Should Be Visible</arg>
<arg>${homePageLocator}[btn_navigate]</arg>
<doc>Runs the given keyword with given arguments and returns the status as a Boolean value.</doc>
<kw name="Element Should Be Visible" library="AppiumLibrary">
<arg>${homePageLocator}[btn_navigate]</arg>
<doc>Verifies that element identified with locator is visible.</doc>
<status status="PASS" starttime="20211209 17:08:11.443" endtime="20211209 17:08:12.634"/>
</kw>
<msg timestamp="20211209 17:08:12.634" level="INFO">${present} = True</msg>
<status status="PASS" starttime="20211209 17:08:11.443" endtime="20211209 17:08:12.634"/>
</kw>
<kw name="Run Keyword If" library="BuiltIn">
<arg>'${present}'=='FALSE'</arg>
<arg>Exit For Loop</arg>
<doc>Runs the given keyword with the given arguments, if ``condition`` is true.</doc>
<status status="PASS" starttime="20211209 17:08:12.634" endtime="20211209 17:08:12.634"/>
</kw>
<kw name="Click Element" library="common_android_keywords">
<arg>${homePageLocator}[btn_navigate]</arg>
<doc>Click to target element
${locator} - Locator of target element
${timeout} - Waiting time for target element visible</doc>
<kw name="Wait Until Element Is Visible" library="AppiumLibrary">
<arg>${locator}</arg>
<arg>timeout=${timeout}</arg>
<doc>Waits until element specified with `locator` is visible.</doc>
<status status="PASS" starttime="20211209 17:08:12.634" endtime="20211209 17:08:12.928"/>
</kw>
<kw name="Click Element" library="AppiumLibrary">
<arg>${locator}</arg>
<doc>Click element identified by `locator`.</doc>
<msg timestamp="20211209 17:08:12.928" level="INFO">Clicking element 'xpath=//android.widget.ImageButton[@content-desc="Navigate up"]'.</msg>
<status status="PASS" starttime="20211209 17:08:12.928" endtime="20211209 17:08:14.166"/>
</kw>
<status status="PASS" starttime="20211209 17:08:12.634" endtime="20211209 17:08:14.166"/>
</kw>
<status status="PASS" starttime="20211209 17:08:11.443" endtime="20211209 17:08:14.166"/>
</iter>
<iter>
<var name="${index}">3</var>
<kw name="Run Keyword And Return Status" library="BuiltIn">
<var>${present}</var>
<arg>Element Should Be Visible</arg>
<arg>${homePageLocator}[btn_navigate]</arg>
<doc>Runs the given keyword with given arguments and returns the status as a Boolean value.</doc>
<kw name="Element Should Be Visible" library="AppiumLibrary">
<arg>${homePageLocator}[btn_navigate]</arg>
<doc>Verifies that element identified with locator is visible.</doc>
<status status="PASS" starttime="20211209 17:08:14.166" endtime="20211209 17:08:14.493"/>
</kw>
<msg timestamp="20211209 17:08:14.493" level="INFO">${present} = True</msg>
<status status="PASS" starttime="20211209 17:08:14.166" endtime="20211209 17:08:14.493"/>
</kw>
<kw name="Run Keyword If" library="BuiltIn">
<arg>'${present}'=='FALSE'</arg>
<arg>Exit For Loop</arg>
<doc>Runs the given keyword with the given arguments, if ``condition`` is true.</doc>
<status status="PASS" starttime="20211209 17:08:14.493" endtime="20211209 17:08:14.493"/>
</kw>
<kw name="Click Element" library="common_android_keywords">
<arg>${homePageLocator}[btn_navigate]</arg>
<doc>Click to target element
${locator} - Locator of target element
${timeout} - Waiting time for target element visible</doc>
<kw name="Wait Until Element Is Visible" library="AppiumLibrary">
<arg>${locator}</arg>
<arg>timeout=${timeout}</arg>
<doc>Waits until element specified with `locator` is visible.</doc>
<status status="PASS" starttime="20211209 17:08:14.493" endtime="20211209 17:08:14.759"/>
</kw>
<kw name="Click Element" library="AppiumLibrary">
<arg>${locator}</arg>
<doc>Click element identified by `locator`.</doc>
<msg timestamp="20211209 17:08:14.774" level="INFO">Clicking element 'xpath=//android.widget.ImageButton[@content-desc="Navigate up"]'.</msg>
<status status="PASS" starttime="20211209 17:08:14.759" endtime="20211209 17:08:15.573"/>
</kw>
<status status="PASS" starttime="20211209 17:08:14.493" endtime="20211209 17:08:15.573"/>
</kw>
<status status="PASS" starttime="20211209 17:08:14.166" endtime="20211209 17:08:15.573"/>
</iter>
<iter>
<var name="${index}">4</var>
<kw name="Run Keyword And Return Status" library="BuiltIn">
<var>${present}</var>
<arg>Element Should Be Visible</arg>
<arg>${homePageLocator}[btn_navigate]</arg>
<doc>Runs the given keyword with given arguments and returns the status as a Boolean value.</doc>
<kw name="Element Should Be Visible" library="AppiumLibrary">
<arg>${homePageLocator}[btn_navigate]</arg>
<doc>Verifies that element identified with locator is visible.</doc>
<status status="PASS" starttime="20211209 17:08:15.573" endtime="20211209 17:08:15.854"/>
</kw>
<msg timestamp="20211209 17:08:15.854" level="INFO">${present} = True</msg>
<status status="PASS" starttime="20211209 17:08:15.573" endtime="20211209 17:08:15.854"/>
</kw>
<kw name="Run Keyword If" library="BuiltIn">
<arg>'${present}'=='FALSE'</arg>
<arg>Exit For Loop</arg>
<doc>Runs the given keyword with the given arguments, if ``condition`` is true.</doc>
<status status="PASS" starttime="20211209 17:08:15.854" endtime="20211209 17:08:15.854"/>
</kw>
<kw name="Click Element" library="common_android_keywords">
<arg>${homePageLocator}[btn_navigate]</arg>
<doc>Click to target element
${locator} - Locator of target element
${timeout} - Waiting time for target element visible</doc>
<kw name="Wait Until Element Is Visible" library="AppiumLibrary">
<arg>${locator}</arg>
<arg>timeout=${timeout}</arg>
<doc>Waits until element specified with `locator` is visible.</doc>
<status status="PASS" starttime="20211209 17:08:15.854" endtime="20211209 17:08:16.121"/>
</kw>
<kw name="Click Element" library="AppiumLibrary">
<arg>${locator}</arg>
<doc>Click element identified by `locator`.</doc>
<msg timestamp="20211209 17:08:16.123" level="INFO">Clicking element 'xpath=//android.widget.ImageButton[@content-desc="Navigate up"]'.</msg>
<status status="PASS" starttime="20211209 17:08:16.121" endtime="20211209 17:08:16.932"/>
</kw>
<status status="PASS" starttime="20211209 17:08:15.854" endtime="20211209 17:08:16.932"/>
</kw>
<status status="PASS" starttime="20211209 17:08:15.573" endtime="20211209 17:08:16.932"/>
</iter>
<status status="PASS" starttime="20211209 17:08:09.360" endtime="20211209 17:08:16.932"/>
</for>
<status status="PASS" starttime="20211209 17:08:09.360" endtime="20211209 17:08:16.932"/>
</kw>
<kw name="Click Element" library="common_android_keywords">
<arg>${homePageLocator}[menu_account]</arg>
<doc>Click to target element
${locator} - Locator of target element
${timeout} - Waiting time for target element visible</doc>
<kw name="Wait Until Element Is Visible" library="AppiumLibrary">
<arg>${locator}</arg>
<arg>timeout=${timeout}</arg>
<doc>Waits until element specified with `locator` is visible.</doc>
<status status="PASS" starttime="20211209 17:08:16.932" endtime="20211209 17:08:17.227"/>
</kw>
<kw name="Click Element" library="AppiumLibrary">
<arg>${locator}</arg>
<doc>Click element identified by `locator`.</doc>
<msg timestamp="20211209 17:08:17.243" level="INFO">Clicking element 'android=UiSelector().text("Account")'.</msg>
<status status="PASS" starttime="20211209 17:08:17.227" endtime="20211209 17:08:17.559"/>
</kw>
<status status="PASS" starttime="20211209 17:08:16.932" endtime="20211209 17:08:17.559"/>
</kw>
<kw name="Click Element" library="common_android_keywords">
<arg>${loginPageLocator}[btn_logout]</arg>
<doc>Click to target element
${locator} - Locator of target element
${timeout} - Waiting time for target element visible</doc>
<kw name="Wait Until Element Is Visible" library="AppiumLibrary">
<arg>${locator}</arg>
<arg>timeout=${timeout}</arg>
<doc>Waits until element specified with `locator` is visible.</doc>
<status status="PASS" starttime="20211209 17:08:17.559" endtime="20211209 17:08:18.652"/>
</kw>
<kw name="Click Element" library="AppiumLibrary">
<arg>${locator}</arg>
<doc>Click element identified by `locator`.</doc>
<msg timestamp="20211209 17:08:18.652" level="INFO">Clicking element 'android=UiSelector().resourceIdMatches(".*id/logout$")'.</msg>
<status status="PASS" starttime="20211209 17:08:18.652" endtime="20211209 17:08:18.904"/>
</kw>
<status status="PASS" starttime="20211209 17:08:17.559" endtime="20211209 17:08:18.904"/>
</kw>
<status status="PASS" starttime="20211209 17:08:09.360" endtime="20211209 17:08:18.904"/>
</kw>
<kw name="Run Keyword And Ignore Error" library="BuiltIn">
<arg>AppiumLibrary.Close Application</arg>
<doc>Runs the given keyword with the given arguments and ignores possible error.</doc>
<kw name="Close Application" library="AppiumLibrary">
<doc>Closes the current application and also close webdriver session.</doc>
<status status="PASS" starttime="20211209 17:08:18.904" endtime="20211209 17:08:19.554"/>
</kw>
<status status="PASS" starttime="20211209 17:08:18.904" endtime="20211209 17:08:19.554"/>
</kw>
<status status="PASS" starttime="20211209 17:08:08.629" endtime="20211209 17:08:19.554"/>
</kw>
<status status="PASS" starttime="20211209 17:08:08.629" endtime="20211209 17:08:19.554"/>
</kw>
<tag>wishlist_function</tag>
<tag>WL_Add_TC01</tag>
<status status="PASS" starttime="20211209 17:07:12.593" endtime="20211209 17:08:19.554"/>
</test>
<test id="s1-s1-t2" name="Verify user as member can add item to Wishlist successfully">
<kw name="Launch SuperSport application, select language" library="common_android_functions" type="SETUP">
<doc>Launch application,select english language</doc>
<kw name="Open SuperSport Application" library="common_android_keywords">
<arg>${device_info.hien_device}</arg>
<kw name="Create Dictionary" library="BuiltIn">
<var>${device_data_dict}</var>
<arg>deviceName</arg>
<arg>${device_data.deviceName}</arg>
<arg>platformName</arg>
<arg>${device_data.platformName}</arg>
<arg>platformVersion</arg>
<arg>${device_data.platformVersion}</arg>
<arg>app</arg>
<arg>${device_data.app}</arg>
<arg>newCommandTimeout</arg>
<arg>${device_data.newCommandTimeout}</arg>
<arg>autoGrantPermissions</arg>
<arg>${device_data.autoGrantPermissions}</arg>
<doc>Creates and returns a dictionary based on the given ``items``.</doc>
<msg timestamp="20211209 17:08:19.561" level="INFO">${device_data_dict} = {'deviceName': 'R58N33NW2EW', 'platformName': 'android', 'platformVersion': '11', 'app': 'C:\\Users\\hienht\\Desktop\\SuperSport\\AppFile\\Supersports.apk', 'newCommandTimeout': 300, 'autoGrantPermiss...</msg>
<status status="PASS" starttime="20211209 17:08:19.558" endtime="20211209 17:08:19.561"/>
</kw>
<kw name="Open Application" library="AppiumLibrary">
<arg>http://localhost:4723/wd/hub</arg>
<arg>&amp;{device_data_dict}</arg>
<doc>Opens a new application to given Appium server.
Capabilities of appium server, Android and iOS,
Please check https://github.com/appium/appium/blob/master/docs/en/writing-running-appium/server-args.md
| *Option*            | *Man.* | *Description*     |
| remote_url          | Yes    | Appium server url |
| alias               | no     | alias             |</doc>
<status status="PASS" starttime="20211209 17:08:19.561" endtime="20211209 17:08:32.103"/>
</kw>
<status status="PASS" starttime="20211209 17:08:19.557" endtime="20211209 17:08:32.103"/>
</kw>
<kw name="Select english language" library="common_android_keywords">
<doc>Select english language at welcome page</doc>
<kw name="Click Element" library="common_android_keywords">
<arg>${commonPageLocator}[btn_english_language]</arg>
<doc>Click to target element
${locator} - Locator of target element
${timeout} - Waiting time for target element visible</doc>
<kw name="Wait Until Element Is Visible" library="AppiumLibrary">
<arg>${locator}</arg>
<arg>timeout=${timeout}</arg>
<doc>Waits until element specified with `locator` is visible.</doc>
<status status="PASS" starttime="20211209 17:08:32.106" endtime="20211209 17:08:36.109"/>
</kw>
<kw name="Click Element" library="AppiumLibrary">
<arg>${locator}</arg>
<doc>Click element identified by `locator`.</doc>
<msg timestamp="20211209 17:08:36.111" level="INFO">Clicking element 'android=UiSelector().resourceIdMatches(".*id/splash_item_name$").text("ENGLISH")'.</msg>
<status status="PASS" starttime="20211209 17:08:36.109" endtime="20211209 17:08:36.978"/>
</kw>
<status status="PASS" starttime="20211209 17:08:32.105" endtime="20211209 17:08:36.978"/>
</kw>
<status status="PASS" starttime="20211209 17:08:32.103" endtime="20211209 17:08:36.978"/>
</kw>
<status status="PASS" starttime="20211209 17:08:19.556" endtime="20211209 17:08:36.978"/>
</kw>
<kw name="Login with email successfully from start" library="login_page_keyword">
<doc>Input all valid data when log in with email from start</doc>
<kw name="Input start customer email" library="login_page_keyword">
<arg>${login_data}[email]</arg>
<doc>Input email to customer email input
*Arguments:*
- _*email*_ : Email of SuperSport user</doc>
<kw name="Input Text" library="common_android_keywords">
<arg>${loginPageLocator}[txt_email_start]</arg>
<arg>${email}</arg>
<doc>Input text into target element
${locator} - Locator of target element</doc>
<kw name="Wait Element Is Visible" library="common_android_keywords">
<arg>${locator}</arg>
<arg>${timeout}</arg>
<doc>Wait element is visible
android=UiSelector().resourceIdMatches(".*id/editTextFloatLabelTextForm$") - Locator of target element
30 - Waiting time for target element visible</doc>
<kw name="Wait Until Element Is Visible" library="AppiumLibrary">
<arg>${locator}</arg>
<arg>timeout=${timeout}</arg>
<doc>Waits until element specified with `locator` is visible.</doc>
<status status="PASS" starttime="20211209 17:08:36.986" endtime="20211209 17:08:44.979"/>
</kw>
<status status="PASS" starttime="20211209 17:08:36.986" endtime="20211209 17:08:44.979"/>
</kw>
<kw name="Input Text" library="AppiumLibrary">
<arg>${locator}</arg>
<arg>${text}</arg>
<doc>Types the given `text` into text field identified by `locator`.</doc>
<msg timestamp="20211209 17:08:44.979" level="INFO">Typing text 'hienht@smartosc.com' into text field 'android=UiSelector().resourceIdMatches(".*id/editTextFloatLabelTextForm$")'</msg>
<status status="PASS" starttime="20211209 17:08:44.979" endtime="20211209 17:08:45.696"/>
</kw>
<status status="PASS" starttime="20211209 17:08:36.984" endtime="20211209 17:08:45.696"/>
</kw>
<status status="PASS" starttime="20211209 17:08:36.978" endtime="20211209 17:08:45.696"/>
</kw>
<kw name="Input start customer password" library="login_page_keyword">
<arg>${login_data}[password]</arg>
<doc>Input password to customer password input
*Arguments:*
- _*password*_ : Password of SuperSport user</doc>
<kw name="Input Text" library="common_android_keywords">
<arg>${loginPageLocator}[txt_password_start]</arg>
<arg>${password}</arg>
<doc>Input text into target element
${locator} - Locator of target element</doc>
<kw name="Wait Element Is Visible" library="common_android_keywords">
<arg>${locator}</arg>
<arg>${timeout}</arg>
<doc>Wait element is visible
android=UiSelector().resourceIdMatches(".*id/editTextPasswordForm$") - Locator of target element
30 - Waiting time for target element visible</doc>
<kw name="Wait Until Element Is Visible" library="AppiumLibrary">
<arg>${locator}</arg>
<arg>timeout=${timeout}</arg>
<doc>Waits until element specified with `locator` is visible.</doc>
<status status="PASS" starttime="20211209 17:08:45.696" endtime="20211209 17:08:46.643"/>
</kw>
<status status="PASS" starttime="20211209 17:08:45.696" endtime="20211209 17:08:46.643"/>
</kw>
<kw name="Input Text" library="AppiumLibrary">
<arg>${locator}</arg>
<arg>${text}</arg>
<doc>Types the given `text` into text field identified by `locator`.</doc>
<msg timestamp="20211209 17:08:46.643" level="INFO">Typing text 'HienHa' into text field 'android=UiSelector().resourceIdMatches(".*id/editTextPasswordForm$")'</msg>
<status status="PASS" starttime="20211209 17:08:46.643" endtime="20211209 17:08:47.380"/>
</kw>
<status status="PASS" starttime="20211209 17:08:45.696" endtime="20211209 17:08:47.380"/>
</kw>
<status status="PASS" starttime="20211209 17:08:45.696" endtime="20211209 17:08:47.380"/>
</kw>
<kw name="Click start login button" library="login_page_keyword">
<doc>Click log in button</doc>
<kw name="Click Element" library="common_android_keywords">
<arg>${loginPageLocator}[btn_login_start]</arg>
<doc>Click to target element
${locator} - Locator of target element
${timeout} - Waiting time for target element visible</doc>
<kw name="Wait Until Element Is Visible" library="AppiumLibrary">
<arg>${locator}</arg>
<arg>timeout=${timeout}</arg>
<doc>Waits until element specified with `locator` is visible.</doc>
<status status="PASS" starttime="20211209 17:08:47.395" endtime="20211209 17:08:48.427"/>
</kw>
<kw name="Click Element" library="AppiumLibrary">
<arg>${locator}</arg>
<doc>Click element identified by `locator`.</doc>
<msg timestamp="20211209 17:08:48.427" level="INFO">Clicking element 'android=UiSelector().resourceIdMatches(".*id/login_button$")'.</msg>
<status status="PASS" starttime="20211209 17:08:48.427" endtime="20211209 17:08:48.648"/>
</kw>
<status status="PASS" starttime="20211209 17:08:47.395" endtime="20211209 17:08:48.648"/>
</kw>
<status status="PASS" starttime="20211209 17:08:47.395" endtime="20211209 17:08:48.648"/>
</kw>
<status status="PASS" starttime="20211209 17:08:36.978" endtime="20211209 17:08:48.648"/>
</kw>
<kw name="Open product list" library="common_android_functions">
<doc>Open Sale item list by navigation bar</doc>
<kw name="Click Element" library="common_android_keywords">
<arg>${homePageLocator}[btn_catalog]</arg>
<doc>Click to target element
${locator} - Locator of target element
${timeout} - Waiting time for target element visible</doc>
<kw name="Wait Until Element Is Visible" library="AppiumLibrary">
<arg>${locator}</arg>
<arg>timeout=${timeout}</arg>
<doc>Waits until element specified with `locator` is visible.</doc>
<status status="PASS" starttime="20211209 17:08:48.651" endtime="20211209 17:08:52.279"/>
</kw>
<kw name="Click Element" library="AppiumLibrary">
<arg>${locator}</arg>
<doc>Click element identified by `locator`.</doc>
<msg timestamp="20211209 17:08:52.279" level="INFO">Clicking element 'android=UiSelector().resourceIdMatches(".*id/home_Screen_teasers_list$")'.</msg>
<status status="PASS" starttime="20211209 17:08:52.279" endtime="20211209 17:08:52.607"/>
</kw>
<status status="PASS" starttime="20211209 17:08:48.651" endtime="20211209 17:08:52.607"/>
</kw>
<status status="PASS" starttime="20211209 17:08:48.649" endtime="20211209 17:08:52.607"/>
</kw>
<kw name="Click the first product in product list" library="product_list_page_keyword">
<doc>Choose the first product</doc>
<kw name="Click Element" library="common_android_keywords">
<arg>${productListPageLocator}[firt_product_locator]</arg>
<doc>Click to target element
${locator} - Locator of target element
${timeout} - Waiting time for target element visible</doc>
<kw name="Wait Until Element Is Visible" library="AppiumLibrary">
<arg>${locator}</arg>
<arg>timeout=${timeout}</arg>
<doc>Waits until element specified with `locator` is visible.</doc>
<status status="PASS" starttime="20211209 17:08:52.623" endtime="20211209 17:08:54.650"/>
</kw>
<kw name="Click Element" library="AppiumLibrary">
<arg>${locator}</arg>
<doc>Click element identified by `locator`.</doc>
<msg timestamp="20211209 17:08:54.650" level="INFO">Clicking element 'xpath=//androidx.recyclerview.widget.RecyclerView/android.view.ViewGroup[1]'.</msg>
<status status="PASS" starttime="20211209 17:08:54.650" endtime="20211209 17:08:54.945"/>
</kw>
<status status="PASS" starttime="20211209 17:08:52.623" endtime="20211209 17:08:54.946"/>
</kw>
<status status="PASS" starttime="20211209 17:08:52.607" endtime="20211209 17:08:54.946"/>
</kw>
<kw name="Get product info" library="product_detail_page_keyword">
<var>${product_info}</var>
<doc>Get product name in product detail page</doc>
<kw name="Get Text" library="common_android_keywords">
<var>${product_info}</var>
<arg>${productDetailPageLocator}[lb_product_name]</arg>
<doc>Get text of target element
${locator} - Locator of target element</doc>
<kw name="Wait Element Is Visible" library="common_android_keywords">
<arg>${locator}</arg>
<doc>Wait element is visible
android=UiSelector().resourceIdMatches(".*id/product_name$") - Locator of target element
${timeout} - Waiting time for target element visible</doc>
<kw name="Wait Until Element Is Visible" library="AppiumLibrary">
<arg>${locator}</arg>
<arg>timeout=${timeout}</arg>
<doc>Waits until element specified with `locator` is visible.</doc>
<status status="PASS" starttime="20211209 17:08:54.949" endtime="20211209 17:08:56.819"/>
</kw>
<status status="PASS" starttime="20211209 17:08:54.948" endtime="20211209 17:08:56.819"/>
</kw>
<kw name="Get Text" library="AppiumLibrary">
<var>${text}</var>
<arg>${locator}</arg>
<doc>Get element text (for hybrid and mobile browser use `xpath` locator, others might cause problem)</doc>
<msg timestamp="20211209 17:08:57.077" level="INFO">Element 'android=UiSelector().resourceIdMatches(".*id/product_name$")' text is 'NIKE ZoomX Vaporfly Next% 2 Women's Running Shoes' </msg>
<msg timestamp="20211209 17:08:57.077" level="INFO">${text} = NIKE ZoomX Vaporfly Next% 2 Women's Running Shoes</msg>
<status status="PASS" starttime="20211209 17:08:56.819" endtime="20211209 17:08:57.077"/>
</kw>
<msg timestamp="20211209 17:08:57.077" level="INFO">${product_info} = NIKE ZoomX Vaporfly Next% 2 Women's Running Shoes</msg>
<status status="PASS" starttime="20211209 17:08:54.947" endtime="20211209 17:08:57.077"/>
</kw>
<msg timestamp="20211209 17:08:57.078" level="INFO">${product_info} = NIKE ZoomX Vaporfly Next% 2 Women's Running Shoes</msg>
<status status="PASS" starttime="20211209 17:08:54.946" endtime="20211209 17:08:57.078"/>
</kw>
<kw name="Add product to Wishlist" library="product_detail_page_keyword">
<kw name="Run Keyword And Return Status" library="BuiltIn">
<var>${present}</var>
<arg>Element Should Be Visible</arg>
<arg>${productDetailPageLocator}[btn_choose_size]</arg>
<doc>Runs the given keyword with given arguments and returns the status as a Boolean value.</doc>
<kw name="Element Should Be Visible" library="AppiumLibrary">
<arg>${productDetailPageLocator}[btn_choose_size]</arg>
<doc>Verifies that element identified with locator is visible.</doc>
<status status="PASS" starttime="20211209 17:08:57.081" endtime="20211209 17:08:57.330"/>
</kw>
<msg timestamp="20211209 17:08:57.331" level="INFO">${present} = True</msg>
<status status="PASS" starttime="20211209 17:08:57.081" endtime="20211209 17:08:57.331"/>
</kw>
<kw name="Click add to wish list button" library="product_detail_page_keyword">
<doc>Click add to wish list button</doc>
<kw name="Click Element" library="common_android_keywords">
<arg>${productDetailPageLocator}[btn_add_to_wishlist]</arg>
<doc>Click to target element
${locator} - Locator of target element
${timeout} - Waiting time for target element visible</doc>
<kw name="Wait Until Element Is Visible" library="AppiumLibrary">
<arg>${locator}</arg>
<arg>timeout=${timeout}</arg>
<doc>Waits until element specified with `locator` is visible.</doc>
<status status="PASS" starttime="20211209 17:08:57.333" endtime="20211209 17:08:57.584"/>
</kw>
<kw name="Click Element" library="AppiumLibrary">
<arg>${locator}</arg>
<doc>Click element identified by `locator`.</doc>
<msg timestamp="20211209 17:08:57.585" level="INFO">Clicking element 'android=UiSelector().resourceIdMatches(".*id/wish_list_button$")'.</msg>
<status status="PASS" starttime="20211209 17:08:57.584" endtime="20211209 17:08:57.872"/>
</kw>
<status status="PASS" starttime="20211209 17:08:57.332" endtime="20211209 17:08:57.872"/>
</kw>
<status status="PASS" starttime="20211209 17:08:57.331" endtime="20211209 17:08:57.873"/>
</kw>
<kw name="Run Keyword If" library="BuiltIn">
<arg>${present}</arg>
<arg>product_detail_page_keyword.Choose size for product</arg>
<doc>Runs the given keyword with the given arguments, if ``condition`` is true.</doc>
<kw name="Choose size for product" library="product_detail_page_keyword">
<kw name="Click first option in Choose Size screen" library="product_detail_page_keyword">
<doc>Get first option in current classification size option in Choose Size screen</doc>
<kw name="Get Elements" library="common_android_keywords">
<var>@{list_options}</var>
<arg>${productDetailPageLocator}[lbl_item_options]</arg>
<doc>This keyword for getting elements after verify these elements is visible
${elems} - Varargs of locators or elements</doc>
<kw name="Verify Elements Are Visible" library="common_android_keywords">
<arg>@{elems}</arg>
<doc>This keyword verify that page contains elements specified in arguments and verify each element is visible
['android=UiSelector().resourceIdMatches(".*id/item_text$")'] - Varargs of locators or elements</doc>
<for flavor="IN">
<var>${elem}</var>
<value>@{elems}</value>
<iter>
<var name="${elem}">android=UiSelector().resourceIdMatches(".*id/item_text$")</var>
<kw name="Wait Until Page Contains Element" library="AppiumLibrary">
<arg>${elem}</arg>
<arg>timeout=${GLOBALTIMEOUT}</arg>
<doc>Waits until element specified with `locator` appears on current page.</doc>
<status status="PASS" starttime="20211209 17:08:57.875" endtime="20211209 17:08:59.223"/>
</kw>
<status status="PASS" starttime="20211209 17:08:57.875" endtime="20211209 17:08:59.223"/>
</iter>
<status status="PASS" starttime="20211209 17:08:57.875" endtime="20211209 17:08:59.223"/>
</for>
<status status="PASS" starttime="20211209 17:08:57.875" endtime="20211209 17:08:59.223"/>
</kw>
<kw name="Get Webelements" library="AppiumLibrary">
<var>@{elements}</var>
<arg>@{elems}</arg>
<doc>Returns list of [http://selenium-python.readthedocs.io/api.html#module-selenium.webdriver.remote.webelement|WebElement] objects matching ``locator``.</doc>
<msg timestamp="20211209 17:08:59.708" level="INFO">@{elements} = [ &lt;appium.webdriver.webelement.WebElement (session="56d5e360-1627-46a7-a414-3cf3fdc2900f", element="525607d8-5f3c-48fe-90d1-8496fdb0370b")&gt; | &lt;appium.webdriver.webelement.WebElement (session="56d5e360...</msg>
<status status="PASS" starttime="20211209 17:08:59.223" endtime="20211209 17:08:59.708"/>
</kw>
<msg timestamp="20211209 17:08:59.708" level="INFO">@{list_options} = [ &lt;appium.webdriver.webelement.WebElement (session="56d5e360-1627-46a7-a414-3cf3fdc2900f", element="525607d8-5f3c-48fe-90d1-8496fdb0370b")&gt; | &lt;appium.webdriver.webelement.WebElement (session="56d5e360...</msg>
<status status="PASS" starttime="20211209 17:08:57.874" endtime="20211209 17:08:59.708"/>
</kw>
<kw name="Get Text" library="common_android_keywords">
<var>${first_option_size}</var>
<arg>${list_options}[0]</arg>
<doc>Get text of target element
${locator} - Locator of target element</doc>
<kw name="Wait Element Is Visible" library="common_android_keywords">
<arg>${locator}</arg>
<doc>Wait element is visible
&lt;appium.webdriver.webelement.WebElement (session="56d5e360-1627-46a7-a414-3cf3fdc2900f", element="525607d8-5f3c-48fe-90d1-8496fdb0370b")&gt; - Locator of target element
${timeout} - Waiting time for target element visible</doc>
<kw name="Wait Until Element Is Visible" library="AppiumLibrary">
<arg>${locator}</arg>
<arg>timeout=${timeout}</arg>
<doc>Waits until element specified with `locator` is visible.</doc>
<status status="PASS" starttime="20211209 17:08:59.723" endtime="20211209 17:08:59.801"/>
</kw>
<status status="PASS" starttime="20211209 17:08:59.723" endtime="20211209 17:08:59.801"/>
</kw>
<kw name="Get Text" library="AppiumLibrary">
<var>${text}</var>
<arg>${locator}</arg>
<doc>Get element text (for hybrid and mobile browser use `xpath` locator, others might cause problem)</doc>
<msg timestamp="20211209 17:08:59.865" level="INFO">Element '&lt;appium.webdriver.webelement.WebElement (session="56d5e360-1627-46a7-a414-3cf3fdc2900f", element="525607d8-5f3c-48fe-90d1-8496fdb0370b")&gt;' text is '37.5 - Out Of Stock' </msg>
<msg timestamp="20211209 17:08:59.865" level="INFO">${text} = 37.5 - Out Of Stock</msg>
<status status="PASS" starttime="20211209 17:08:59.801" endtime="20211209 17:08:59.865"/>
</kw>
<msg timestamp="20211209 17:08:59.865" level="INFO">${first_option_size} = 37.5 - Out Of Stock</msg>
<status status="PASS" starttime="20211209 17:08:59.723" endtime="20211209 17:08:59.865"/>
</kw>
<kw name="Click Element" library="common_android_keywords">
<arg>${list_options}[0]</arg>
<doc>Click to target element
${locator} - Locator of target element
${timeout} - Waiting time for target element visible</doc>
<kw name="Wait Until Element Is Visible" library="AppiumLibrary">
<arg>${locator}</arg>
<arg>timeout=${timeout}</arg>
<doc>Waits until element specified with `locator` is visible.</doc>
<status status="PASS" starttime="20211209 17:08:59.867" endtime="20211209 17:09:00.537"/>
</kw>
<kw name="Click Element" library="AppiumLibrary">
<arg>${locator}</arg>
<doc>Click element identified by `locator`.</doc>
<msg timestamp="20211209 17:09:00.553" level="INFO">Clicking element '&lt;appium.webdriver.webelement.WebElement (session="56d5e360-1627-46a7-a414-3cf3fdc2900f", element="525607d8-5f3c-48fe-90d1-8496fdb0370b")&gt;'.</msg>
<status status="PASS" starttime="20211209 17:09:00.537" endtime="20211209 17:09:01.454"/>
</kw>
<status status="PASS" starttime="20211209 17:08:59.867" endtime="20211209 17:09:01.454"/>
</kw>
<status status="PASS" starttime="20211209 17:08:57.873" endtime="20211209 17:09:01.454"/>
</kw>
<kw name="Click OK button in Choose Size screen" library="product_detail_page_keyword">
<doc>Click Ok button in Choose Size screen</doc>
<kw name="Click Element" library="common_android_keywords">
<arg>${productDetailPageLocator}[btn_ok_choose_size_pop_up]</arg>
<doc>Click to target element
${locator} - Locator of target element
${timeout} - Waiting time for target element visible</doc>
<kw name="Wait Until Element Is Visible" library="AppiumLibrary">
<arg>${locator}</arg>
<arg>timeout=${timeout}</arg>
<doc>Waits until element specified with `locator` is visible.</doc>
<status status="PASS" starttime="20211209 17:09:01.454" endtime="20211209 17:09:01.733"/>
</kw>
[...]
<status status="PASS" starttime="20211209 17:09:54.919" endtime="20211209 17:09:55.952"/>
</kw>
<kw name="Click Element" library="AppiumLibrary">
<arg>${locator}</arg>
<doc>Click element identified by `locator`.</doc>
<msg timestamp="20211209 17:09:55.952" level="INFO">Clicking element 'android=UiSelector().resourceIdMatches(".*id/wishlist_button$")'.</msg>
<status status="PASS" starttime="20211209 17:09:55.952" endtime="20211209 17:09:56.236"/>
</kw>
<status status="PASS" starttime="20211209 17:09:54.919" endtime="20211209 17:09:56.236"/>
</kw>
<status status="PASS" starttime="20211209 17:09:54.917" endtime="20211209 17:09:56.236"/>
</kw>
<kw name="Click remove button" library="wishlist_page_keyword">
<doc>Click the first remove btn</doc>
<kw name="Click Element" library="common_android_keywords">
<arg>${wishlistPageLocator}[btn_remove]</arg>
<doc>Click to target element
${locator} - Locator of target element
${timeout} - Waiting time for target element visible</doc>
<kw name="Wait Until Element Is Visible" library="AppiumLibrary">
<arg>${locator}</arg>
<arg>timeout=${timeout}</arg>
<doc>Waits until element specified with `locator` is visible.</doc>
<status status="PASS" starttime="20211209 17:09:56.239" endtime="20211209 17:09:56.983"/>
</kw>
<kw name="Click Element" library="AppiumLibrary">
<arg>${locator}</arg>
<doc>Click element identified by `locator`.</doc>
<msg timestamp="20211209 17:09:56.998" level="INFO">Clicking element 'android=UiSelector().resourceIdMatches(".*id/delete_button$")'.</msg>
<status status="PASS" starttime="20211209 17:09:56.983" endtime="20211209 17:09:57.291"/>
</kw>
<status status="PASS" starttime="20211209 17:09:56.238" endtime="20211209 17:09:57.291"/>
</kw>
<status status="PASS" starttime="20211209 17:09:56.237" endtime="20211209 17:09:57.291"/>
</kw>
<kw name="Verify item not display in wishlist" library="wishlist_page_keyword">
<arg>${product_info}</arg>
<doc>Verify item not display in wishlist</doc>
<kw name="Format String" library="String">
<var>${item_locator}</var>
<arg>${wishlistPageLocator}[lb_item_name]</arg>
<arg>item_name=${item_info}</arg>
<doc>Formats a ``template`` using the given ``positional`` and ``named`` arguments.</doc>
<msg timestamp="20211209 17:09:57.293" level="INFO">${item_locator} = xpath=//android.widget.TextView[@text="NIKE ZoomX Vaporfly Next% 2 Women's Running Shoes"]</msg>
<status status="PASS" starttime="20211209 17:09:57.292" endtime="20211209 17:09:57.293"/>
</kw>
<kw name="Run Keyword And Return Status" library="BuiltIn">
<var>${present}</var>
<arg>Element Should Be Visible</arg>
<arg>${item_locator}</arg>
<doc>Runs the given keyword with given arguments and returns the status as a Boolean value.</doc>
<kw name="Element Should Be Visible" library="AppiumLibrary">
<arg>${item_locator}</arg>
<doc>Verifies that element identified with locator is visible.</doc>
<kw name="Capture Page Screenshot" library="AppiumLibrary">
<doc>Takes a screenshot of the current page and embeds it into the log.</doc>
<msg timestamp="20211209 17:09:58.060" level="INFO" html="true">&lt;/td&gt;&lt;/tr&gt;&lt;tr&gt;&lt;td colspan="3"&gt;&lt;a href="appium-screenshot-1.png"&gt;&lt;img src="appium-screenshot-1.png" width="800px"&gt;&lt;/a&gt;</msg>
<status status="PASS" starttime="20211209 17:09:57.439" endtime="20211209 17:09:58.060"/>
</kw>
<msg timestamp="20211209 17:09:58.075" level="FAIL">ValueError: Element locator 'xpath=//android.widget.TextView[@text="NIKE ZoomX Vaporfly Next% 2 Women's Running Shoes"]' did not match any elements.</msg>
<status status="FAIL" starttime="20211209 17:09:57.293" endtime="20211209 17:09:58.075"/>
</kw>
<msg timestamp="20211209 17:09:58.075" level="INFO">${present} = False</msg>
<status status="PASS" starttime="20211209 17:09:57.293" endtime="20211209 17:09:58.075"/>
</kw>
<kw name="Convert To String" library="BuiltIn">
<var>${present}</var>
<arg>${present}</arg>
<doc>Converts the given item to a Unicode string.</doc>
<msg timestamp="20211209 17:09:58.075" level="INFO">${present} = False</msg>
<status status="PASS" starttime="20211209 17:09:58.075" endtime="20211209 17:09:58.075"/>
</kw>
<kw name="Should Be Equal" library="BuiltIn">
<arg>False</arg>
<arg>${present}</arg>
<doc>Fails if the given objects are unequal.</doc>
<status status="PASS" starttime="20211209 17:09:58.075" endtime="20211209 17:09:58.075"/>
</kw>
<status status="PASS" starttime="20211209 17:09:57.292" endtime="20211209 17:09:58.075"/>
</kw>
<kw name="Run Keywords" library="BuiltIn" type="TEARDOWN">
<arg>common_android_functions.Logout and Close SuperSport Application</arg>
<doc>Executes all the given keywords in a sequence.</doc>
<kw name="Logout and Close SuperSport Application" library="common_android_functions">
<doc>Close current application while Appium session running</doc>
<kw name="Logout" library="login_page_keyword">
<doc>Log out</doc>
<kw name="Click Navigation bar" library="common_android_keywords">
<doc>Open Sale item list by navigation bar</doc>
<for flavor="IN RANGE">
<var>${index}</var>
<value>5</value>
<iter>
<var name="${index}">0</var>
<kw name="Run Keyword And Return Status" library="BuiltIn">
<var>${present}</var>
<arg>Element Should Be Visible</arg>
<arg>${homePageLocator}[btn_navigate]</arg>
<doc>Runs the given keyword with given arguments and returns the status as a Boolean value.</doc>
<kw name="Element Should Be Visible" library="AppiumLibrary">
<arg>${homePageLocator}[btn_navigate]</arg>
<doc>Verifies that element identified with locator is visible.</doc>
<status status="PASS" starttime="20211209 17:09:58.075" endtime="20211209 17:09:58.284"/>
</kw>
<msg timestamp="20211209 17:09:58.284" level="INFO">${present} = True</msg>
<status status="PASS" starttime="20211209 17:09:58.075" endtime="20211209 17:09:58.284"/>
</kw>
<kw name="Run Keyword If" library="BuiltIn">
<arg>'${present}'=='FALSE'</arg>
<arg>Exit For Loop</arg>
<doc>Runs the given keyword with the given arguments, if ``condition`` is true.</doc>
<status status="PASS" starttime="20211209 17:09:58.284" endtime="20211209 17:09:58.284"/>
</kw>
<kw name="Click Element" library="common_android_keywords">
<arg>${homePageLocator}[btn_navigate]</arg>
<doc>Click to target element
${locator} - Locator of target element
${timeout} - Waiting time for target element visible</doc>
<kw name="Wait Until Element Is Visible" library="AppiumLibrary">
<arg>${locator}</arg>
<arg>timeout=${timeout}</arg>
<doc>Waits until element specified with `locator` is visible.</doc>
<status status="PASS" starttime="20211209 17:09:58.284" endtime="20211209 17:09:58.409"/>
</kw>
<kw name="Click Element" library="AppiumLibrary">
<arg>${locator}</arg>
<doc>Click element identified by `locator`.</doc>
<msg timestamp="20211209 17:09:58.409" level="INFO">Clicking element 'xpath=//android.widget.ImageButton[@content-desc="Navigate up"]'.</msg>
<status status="PASS" starttime="20211209 17:09:58.409" endtime="20211209 17:09:58.656"/>
</kw>
<status status="PASS" starttime="20211209 17:09:58.284" endtime="20211209 17:09:58.657"/>
</kw>
<status status="PASS" starttime="20211209 17:09:58.075" endtime="20211209 17:09:58.657"/>
</iter>
<iter>
<var name="${index}">1</var>
<kw name="Run Keyword And Return Status" library="BuiltIn">
<var>${present}</var>
<arg>Element Should Be Visible</arg>
<arg>${homePageLocator}[btn_navigate]</arg>
<doc>Runs the given keyword with given arguments and returns the status as a Boolean value.</doc>
<kw name="Element Should Be Visible" library="AppiumLibrary">
<arg>${homePageLocator}[btn_navigate]</arg>
<doc>Verifies that element identified with locator is visible.</doc>
<status status="PASS" starttime="20211209 17:09:58.657" endtime="20211209 17:09:59.601"/>
</kw>
<msg timestamp="20211209 17:09:59.601" level="INFO">${present} = True</msg>
<status status="PASS" starttime="20211209 17:09:58.657" endtime="20211209 17:09:59.601"/>
</kw>
<kw name="Run Keyword If" library="BuiltIn">
<arg>'${present}'=='FALSE'</arg>
<arg>Exit For Loop</arg>
<doc>Runs the given keyword with the given arguments, if ``condition`` is true.</doc>
<status status="PASS" starttime="20211209 17:09:59.601" endtime="20211209 17:09:59.601"/>
</kw>
<kw name="Click Element" library="common_android_keywords">
<arg>${homePageLocator}[btn_navigate]</arg>
<doc>Click to target element
${locator} - Locator of target element
${timeout} - Waiting time for target element visible</doc>
<kw name="Wait Until Element Is Visible" library="AppiumLibrary">
<arg>${locator}</arg>
<arg>timeout=${timeout}</arg>
<doc>Waits until element specified with `locator` is visible.</doc>
<status status="PASS" starttime="20211209 17:09:59.601" endtime="20211209 17:10:00.427"/>
</kw>
<kw name="Click Element" library="AppiumLibrary">
<arg>${locator}</arg>
<doc>Click element identified by `locator`.</doc>
<msg timestamp="20211209 17:10:00.427" level="INFO">Clicking element 'xpath=//android.widget.ImageButton[@content-desc="Navigate up"]'.</msg>
<status status="PASS" starttime="20211209 17:10:00.427" endtime="20211209 17:10:00.740"/>
</kw>
<status status="PASS" starttime="20211209 17:09:59.601" endtime="20211209 17:10:00.740"/>
</kw>
<status status="PASS" starttime="20211209 17:09:58.657" endtime="20211209 17:10:00.740"/>
</iter>
<iter>
<var name="${index}">2</var>
<kw name="Run Keyword And Return Status" library="BuiltIn">
<var>${present}</var>
<arg>Element Should Be Visible</arg>
<arg>${homePageLocator}[btn_navigate]</arg>
<doc>Runs the given keyword with given arguments and returns the status as a Boolean value.</doc>
<kw name="Element Should Be Visible" library="AppiumLibrary">
<arg>${homePageLocator}[btn_navigate]</arg>
<doc>Verifies that element identified with locator is visible.</doc>
<status status="PASS" starttime="20211209 17:10:00.740" endtime="20211209 17:10:01.739"/>
</kw>
<msg timestamp="20211209 17:10:01.739" level="INFO">${present} = True</msg>
<status status="PASS" starttime="20211209 17:10:00.740" endtime="20211209 17:10:01.739"/>
</kw>
<kw name="Run Keyword If" library="BuiltIn">
<arg>'${present}'=='FALSE'</arg>
<arg>Exit For Loop</arg>
<doc>Runs the given keyword with the given arguments, if ``condition`` is true.</doc>
<status status="PASS" starttime="20211209 17:10:01.739" endtime="20211209 17:10:01.739"/>
</kw>
<kw name="Click Element" library="common_android_keywords">
<arg>${homePageLocator}[btn_navigate]</arg>
<doc>Click to target element
${locator} - Locator of target element
${timeout} - Waiting time for target element visible</doc>
<kw name="Wait Until Element Is Visible" library="AppiumLibrary">
<arg>${locator}</arg>
<arg>timeout=${timeout}</arg>
<doc>Waits until element specified with `locator` is visible.</doc>
<status status="PASS" starttime="20211209 17:10:01.739" endtime="20211209 17:10:01.962"/>
</kw>
<kw name="Click Element" library="AppiumLibrary">
<arg>${locator}</arg>
<doc>Click element identified by `locator`.</doc>
<msg timestamp="20211209 17:10:01.977" level="INFO">Clicking element 'xpath=//android.widget.ImageButton[@content-desc="Navigate up"]'.</msg>
<status status="PASS" starttime="20211209 17:10:01.977" endtime="20211209 17:10:02.921"/>
</kw>
<status status="PASS" starttime="20211209 17:10:01.739" endtime="20211209 17:10:02.921"/>
</kw>
<status status="PASS" starttime="20211209 17:10:00.740" endtime="20211209 17:10:02.921"/>
</iter>
<iter>
<var name="${index}">3</var>
<kw name="Run Keyword And Return Status" library="BuiltIn">
<var>${present}</var>
<arg>Element Should Be Visible</arg>
<arg>${homePageLocator}[btn_navigate]</arg>
<doc>Runs the given keyword with given arguments and returns the status as a Boolean value.</doc>
<kw name="Element Should Be Visible" library="AppiumLibrary">
<arg>${homePageLocator}[btn_navigate]</arg>
<doc>Verifies that element identified with locator is visible.</doc>
<status status="PASS" starttime="20211209 17:10:02.921" endtime="20211209 17:10:03.210"/>
</kw>
<msg timestamp="20211209 17:10:03.210" level="INFO">${present} = True</msg>
<status status="PASS" starttime="20211209 17:10:02.921" endtime="20211209 17:10:03.210"/>
</kw>
<kw name="Run Keyword If" library="BuiltIn">
<arg>'${present}'=='FALSE'</arg>
<arg>Exit For Loop</arg>
<doc>Runs the given keyword with the given arguments, if ``condition`` is true.</doc>
<status status="PASS" starttime="20211209 17:10:03.210" endtime="20211209 17:10:03.210"/>
</kw>
<kw name="Click Element" library="common_android_keywords">
<arg>${homePageLocator}[btn_navigate]</arg>
<doc>Click to target element
${locator} - Locator of target element
${timeout} - Waiting time for target element visible</doc>
<kw name="Wait Until Element Is Visible" library="AppiumLibrary">
<arg>${locator}</arg>
<arg>timeout=${timeout}</arg>
<doc>Waits until element specified with `locator` is visible.</doc>
<status status="PASS" starttime="20211209 17:10:03.210" endtime="20211209 17:10:03.400"/>
</kw>
<kw name="Click Element" library="AppiumLibrary">
<arg>${locator}</arg>
<doc>Click element identified by `locator`.</doc>
<msg timestamp="20211209 17:10:03.401" level="INFO">Clicking element 'xpath=//android.widget.ImageButton[@content-desc="Navigate up"]'.</msg>
<status status="PASS" starttime="20211209 17:10:03.400" endtime="20211209 17:10:04.057"/>
</kw>
<status status="PASS" starttime="20211209 17:10:03.210" endtime="20211209 17:10:04.057"/>
</kw>
<status status="PASS" starttime="20211209 17:10:02.921" endtime="20211209 17:10:04.057"/>
</iter>
<iter>
<var name="${index}">4</var>
<kw name="Run Keyword And Return Status" library="BuiltIn">
<var>${present}</var>
<arg>Element Should Be Visible</arg>
<arg>${homePageLocator}[btn_navigate]</arg>
<doc>Runs the given keyword with given arguments and returns the status as a Boolean value.</doc>
<kw name="Element Should Be Visible" library="AppiumLibrary">
<arg>${homePageLocator}[btn_navigate]</arg>
<doc>Verifies that element identified with locator is visible.</doc>
<status status="PASS" starttime="20211209 17:10:04.057" endtime="20211209 17:10:05.288"/>
</kw>
<msg timestamp="20211209 17:10:05.288" level="INFO">${present} = True</msg>
<status status="PASS" starttime="20211209 17:10:04.057" endtime="20211209 17:10:05.288"/>
</kw>
<kw name="Run Keyword If" library="BuiltIn">
<arg>'${present}'=='FALSE'</arg>
<arg>Exit For Loop</arg>
<doc>Runs the given keyword with the given arguments, if ``condition`` is true.</doc>
<status status="PASS" starttime="20211209 17:10:05.288" endtime="20211209 17:10:05.288"/>
</kw>
<kw name="Click Element" library="common_android_keywords">
<arg>${homePageLocator}[btn_navigate]</arg>
<doc>Click to target element
${locator} - Locator of target element
${timeout} - Waiting time for target element visible</doc>
<kw name="Wait Until Element Is Visible" library="AppiumLibrary">
<arg>${locator}</arg>
<arg>timeout=${timeout}</arg>
<doc>Waits until element specified with `locator` is visible.</doc>
<status status="PASS" starttime="20211209 17:10:05.304" endtime="20211209 17:10:05.671"/>
</kw>
<kw name="Click Element" library="AppiumLibrary">
<arg>${locator}</arg>
<doc>Click element identified by `locator`.</doc>
<msg timestamp="20211209 17:10:05.672" level="INFO">Clicking element 'xpath=//android.widget.ImageButton[@content-desc="Navigate up"]'.</msg>
<status status="PASS" starttime="20211209 17:10:05.671" endtime="20211209 17:10:06.512"/>
</kw>
<status status="PASS" starttime="20211209 17:10:05.304" endtime="20211209 17:10:06.512"/>
</kw>
<status status="PASS" starttime="20211209 17:10:04.057" endtime="20211209 17:10:06.512"/>
</iter>
<status status="PASS" starttime="20211209 17:09:58.075" endtime="20211209 17:10:06.512"/>
</for>
<status status="PASS" starttime="20211209 17:09:58.075" endtime="20211209 17:10:06.512"/>
</kw>
<kw name="Click Element" library="common_android_keywords">
<arg>${homePageLocator}[menu_account]</arg>
<doc>Click to target element
${locator} - Locator of target element
${timeout} - Waiting time for target element visible</doc>
<kw name="Wait Until Element Is Visible" library="AppiumLibrary">
<arg>${locator}</arg>
<arg>timeout=${timeout}</arg>
<doc>Waits until element specified with `locator` is visible.</doc>
<status status="PASS" starttime="20211209 17:10:06.512" endtime="20211209 17:10:06.887"/>
</kw>
<kw name="Click Element" library="AppiumLibrary">
<arg>${locator}</arg>
<doc>Click element identified by `locator`.</doc>
<msg timestamp="20211209 17:10:06.887" level="INFO">Clicking element 'android=UiSelector().text("Account")'.</msg>
<status status="PASS" starttime="20211209 17:10:06.887" endtime="20211209 17:10:07.291"/>
</kw>
<status status="PASS" starttime="20211209 17:10:06.512" endtime="20211209 17:10:07.291"/>
</kw>
<kw name="Click Element" library="common_android_keywords">
<arg>${loginPageLocator}[btn_logout]</arg>
<doc>Click to target element
${locator} - Locator of target element
${timeout} - Waiting time for target element visible</doc>
<kw name="Wait Until Element Is Visible" library="AppiumLibrary">
<arg>${locator}</arg>
<arg>timeout=${timeout}</arg>
<doc>Waits until element specified with `locator` is visible.</doc>
<status status="PASS" starttime="20211209 17:10:07.293" endtime="20211209 17:10:08.321"/>
</kw>
<kw name="Click Element" library="AppiumLibrary">
<arg>${locator}</arg>
<doc>Click element identified by `locator`.</doc>
<msg timestamp="20211209 17:10:08.337" level="INFO">Clicking element 'android=UiSelector().resourceIdMatches(".*id/logout$")'.</msg>
<status status="PASS" starttime="20211209 17:10:08.321" endtime="20211209 17:10:08.570"/>
</kw>
<status status="PASS" starttime="20211209 17:10:07.292" endtime="20211209 17:10:08.570"/>
</kw>
<status status="PASS" starttime="20211209 17:09:58.075" endtime="20211209 17:10:08.570"/>
</kw>
<kw name="Run Keyword And Ignore Error" library="BuiltIn">
<arg>AppiumLibrary.Close Application</arg>
<doc>Runs the given keyword with the given arguments and ignores possible error.</doc>
<kw name="Close Application" library="AppiumLibrary">
<doc>Closes the current application and also close webdriver session.</doc>
<status status="PASS" starttime="20211209 17:10:08.570" endtime="20211209 17:10:09.088"/>
</kw>
<status status="PASS" starttime="20211209 17:10:08.570" endtime="20211209 17:10:09.088"/>
</kw>
<status status="PASS" starttime="20211209 17:09:58.075" endtime="20211209 17:10:09.088"/>
</kw>
<status status="PASS" starttime="20211209 17:09:58.075" endtime="20211209 17:10:09.088"/>
</kw>
<tag>wishlist_function</tag>
<tag>WL_Remove_TC01</tag>
<status status="PASS" starttime="20211209 17:09:16.498" endtime="20211209 17:10:09.089"/>
</test>
<status status="PASS" starttime="20211209 17:09:16.474" endtime="20211209 17:10:09.090"/>
</suite>
<status status="PASS" starttime="20211209 17:07:12.140" endtime="20211209 17:10:09.092"/>
</suite>
<statistics>
<total>
<stat pass="3" fail="0" skip="0">All Tests</stat>
</total>
<tag>
<stat pass="3" fail="0" skip="0">wishlist_function</stat>
<stat pass="1" fail="0" skip="0">WL_Add_TC01</stat>
<stat pass="1" fail="0" skip="0">WL_Add_TC02</stat>
<stat pass="1" fail="0" skip="0">WL_Remove_TC01</stat>
</tag>
<suite>
<stat pass="3" fail="0" skip="0" id="s1" name="Wishlist Add Test &amp; Wishlist Remove Test">Wishlist Add Test &amp; Wishlist Remove Test</stat>
<stat pass="2" fail="0" skip="0" id="s1-s1" name="Wishlist Add Test">Wishlist Add Test &amp; Wishlist Remove Test.Wishlist Add Test</stat>
<stat pass="1" fail="0" skip="0" id="s1-s2" name="Wishlist Remove Test">Wishlist Add Test &amp; Wishlist Remove Test.Wishlist Remove Test</stat>
</suite>
</statistics>
<errors>
</errors>
</robot>
